TpTrace Verbose: 0 : 9568, 1, 2021/11/28, 18:03:21.492, 7923949311220, vstest.console.dll, Version: 16.11.0-release-20210730-02
TpTrace Information: 0 : 9568, 1, 2021/11/28, 18:03:21.502, 7923949393447, vstest.console.dll, FilePatternParser: The given file C:\Users\Ghost\Documents\UE11 - Poo C#\Projet\Lombardelli.Nathan.Poo.Tracker\Lombardelli.Nathan.Poo.Tracker.Test\bin\Debug\net5.0\fine-code-coverage\build-output\Lombardelli.Nathan.Poo.Tracker.Test.dll is a full path.
TpTrace Verbose: 0 : 9568, 1, 2021/11/28, 18:03:21.514, 7923949510584, vstest.console.dll, TestPluginCache.DiscoverTestExtensions: finding test extensions in assemblies ends with: RuntimeProvider.dll TPluginInfo: Microsoft.VisualStudio.TestPlatform.Common.ExtensionFramework.Utilities.TestRuntimePluginInformation TExtension: Microsoft.VisualStudio.TestPlatform.ObjectModel.Host.ITestRuntimeProvider
TpTrace Verbose: 0 : 9568, 1, 2021/11/28, 18:03:21.514, 7923949513585, vstest.console.dll, TestPluginCache.GetExtensionPaths: Filtered extension paths: 
TpTrace Verbose: 0 : 9568, 1, 2021/11/28, 18:03:21.514, 7923949514400, vstest.console.dll, TestPluginCache.GetExtensionPaths: Added default extension paths: C:\Program Files\dotnet\sdk\5.0.401\Extensions\Microsoft.Diagnostics.NETCore.Client.dll
C:\Program Files\dotnet\sdk\5.0.401\Extensions\Microsoft.TestPlatform.Extensions.BlameDataCollector.dll
C:\Program Files\dotnet\sdk\5.0.401\Extensions\Microsoft.TestPlatform.Extensions.EventLogCollector.dll
C:\Program Files\dotnet\sdk\5.0.401\Extensions\Microsoft.TestPlatform.TestHostRuntimeProvider.dll
C:\Program Files\dotnet\sdk\5.0.401\Extensions\Microsoft.VisualStudio.TestPlatform.Extensions.Html.TestLogger.dll
C:\Program Files\dotnet\sdk\5.0.401\Extensions\Microsoft.VisualStudio.TestPlatform.Extensions.Trx.TestLogger.dll
TpTrace Verbose: 0 : 9568, 1, 2021/11/28, 18:03:21.514, 7923949514778, vstest.console.dll, TestPluginCache.GetExtensionPaths: Added unfilterableExtensionPaths: 
TpTrace Information: 0 : 9568, 1, 2021/11/28, 18:03:21.515, 7923949521532, vstest.console.dll, AssemblyResolver.ctor: Creating AssemblyResolver with searchDirectories C:\Program Files\dotnet\sdk\5.0.401\Extensions,C:\Program Files\dotnet\sdk\5.0.401
TpTrace Verbose: 0 : 9568, 1, 2021/11/28, 18:03:21.516, 7923949528360, vstest.console.dll, TestPluginCache.DiscoverTestExtensions: Discovering the extensions using extension path.
TpTrace Verbose: 0 : 9568, 1, 2021/11/28, 18:03:21.516, 7923949529296, vstest.console.dll, TestPluginCache.GetExtensionPaths: Filtered extension paths: 
TpTrace Verbose: 0 : 9568, 1, 2021/11/28, 18:03:21.516, 7923949529723, vstest.console.dll, TestPluginCache.GetExtensionPaths: Added default extension paths: C:\Program Files\dotnet\sdk\5.0.401\Extensions\Microsoft.Diagnostics.NETCore.Client.dll
C:\Program Files\dotnet\sdk\5.0.401\Extensions\Microsoft.TestPlatform.Extensions.BlameDataCollector.dll
C:\Program Files\dotnet\sdk\5.0.401\Extensions\Microsoft.TestPlatform.Extensions.EventLogCollector.dll
C:\Program Files\dotnet\sdk\5.0.401\Extensions\Microsoft.TestPlatform.TestHostRuntimeProvider.dll
C:\Program Files\dotnet\sdk\5.0.401\Extensions\Microsoft.VisualStudio.TestPlatform.Extensions.Html.TestLogger.dll
C:\Program Files\dotnet\sdk\5.0.401\Extensions\Microsoft.VisualStudio.TestPlatform.Extensions.Trx.TestLogger.dll
TpTrace Verbose: 0 : 9568, 1, 2021/11/28, 18:03:21.516, 7923949530011, vstest.console.dll, TestPluginCache.GetExtensionPaths: Added unfilterableExtensionPaths: 
TpTrace Verbose: 0 : 9568, 1, 2021/11/28, 18:03:21.516, 7923949530555, vstest.console.dll, TestPluginCache.DiscoverTestExtensions: Discovering the extensions using allExtensionPaths: C:\Program Files\dotnet\sdk\5.0.401\Extensions\Microsoft.Diagnostics.NETCore.Client.dll
C:\Program Files\dotnet\sdk\5.0.401\Extensions\Microsoft.TestPlatform.Extensions.BlameDataCollector.dll
C:\Program Files\dotnet\sdk\5.0.401\Extensions\Microsoft.TestPlatform.Extensions.EventLogCollector.dll
C:\Program Files\dotnet\sdk\5.0.401\Extensions\Microsoft.TestPlatform.TestHostRuntimeProvider.dll
C:\Program Files\dotnet\sdk\5.0.401\Extensions\Microsoft.VisualStudio.TestPlatform.Extensions.Html.TestLogger.dll
C:\Program Files\dotnet\sdk\5.0.401\Extensions\Microsoft.VisualStudio.TestPlatform.Extensions.Trx.TestLogger.dll
TpTrace Information: 0 : 9568, 1, 2021/11/28, 18:03:21.516, 7923949531762, vstest.console.dll, AssemblyResolver.AddSearchDirectories: Adding more searchDirectories C:\Program Files\dotnet\sdk\5.0.401\Extensions,C:\Program Files\dotnet\sdk\5.0.401
TpTrace Information: 0 : 9568, 1, 2021/11/28, 18:03:21.516, 7923949532356, vstest.console.dll, AssemblyResolver.AddSearchDirectories: Adding more searchDirectories C:\Program Files\dotnet\sdk\5.0.401\Extensions,C:\Program Files\dotnet\sdk\5.0.401
TpTrace Information: 0 : 9568, 1, 2021/11/28, 18:03:21.516, 7923949532721, vstest.console.dll, AssemblyResolver.AddSearchDirectories: Adding more searchDirectories C:\Program Files\dotnet\sdk\5.0.401\Extensions,C:\Program Files\dotnet\sdk\5.0.401
TpTrace Information: 0 : 9568, 1, 2021/11/28, 18:03:21.516, 7923949532996, vstest.console.dll, AssemblyResolver.AddSearchDirectories: Adding more searchDirectories C:\Program Files\dotnet\sdk\5.0.401\Extensions,C:\Program Files\dotnet\sdk\5.0.401
TpTrace Information: 0 : 9568, 1, 2021/11/28, 18:03:21.516, 7923949533256, vstest.console.dll, AssemblyResolver.AddSearchDirectories: Adding more searchDirectories C:\Program Files\dotnet\sdk\5.0.401\Extensions,C:\Program Files\dotnet\sdk\5.0.401
TpTrace Information: 0 : 9568, 1, 2021/11/28, 18:03:21.516, 7923949533558, vstest.console.dll, AssemblyResolver.AddSearchDirectories: Adding more searchDirectories C:\Program Files\dotnet\sdk\5.0.401\Extensions,C:\Program Files\dotnet\sdk\5.0.401
TpTrace Information: 0 : 9568, 1, 2021/11/28, 18:03:21.516, 7923949536450, vstest.console.dll, AssemblyResolver.OnResolve: Microsoft.Diagnostics.NETCore.Client: Resolving assembly.
TpTrace Information: 0 : 9568, 1, 2021/11/28, 18:03:21.516, 7923949537021, vstest.console.dll, AssemblyResolver.OnResolve: Microsoft.Diagnostics.NETCore.Client: Searching in: 'C:\Program Files\dotnet\sdk\5.0.401\Extensions'.
TpTrace Information: 0 : 9568, 1, 2021/11/28, 18:03:21.518, 7923949554265, vstest.console.dll, AssemblyResolver.OnResolve: Microsoft.Diagnostics.NETCore.Client: Loading assembly 'C:\Program Files\dotnet\sdk\5.0.401\Extensions\Microsoft.Diagnostics.NETCore.Client.dll'.
TpTrace Information: 0 : 9568, 1, 2021/11/28, 18:03:21.519, 7923949566866, vstest.console.dll, AssemblyResolver.OnResolve: Resolved assembly: Microsoft.Diagnostics.NETCore.Client, from path: C:\Program Files\dotnet\sdk\5.0.401\Extensions\Microsoft.Diagnostics.NETCore.Client.dll
TpTrace Information: 0 : 9568, 1, 2021/11/28, 18:03:21.522, 7923949589936, vstest.console.dll, AssemblyResolver.OnResolve: Microsoft.Bcl.AsyncInterfaces: Resolving assembly.
TpTrace Information: 0 : 9568, 1, 2021/11/28, 18:03:21.522, 7923949590528, vstest.console.dll, AssemblyResolver.OnResolve: Microsoft.Bcl.AsyncInterfaces: Searching in: 'C:\Program Files\dotnet\sdk\5.0.401\Extensions'.
TpTrace Information: 0 : 9568, 1, 2021/11/28, 18:03:21.522, 7923949591294, vstest.console.dll, AssemblyResolver.OnResolve: Microsoft.Bcl.AsyncInterfaces: Assembly path does not exist: 'C:\Program Files\dotnet\sdk\5.0.401\Extensions\Microsoft.Bcl.AsyncInterfaces.dll', returning.
TpTrace Information: 0 : 9568, 1, 2021/11/28, 18:03:21.522, 7923949591921, vstest.console.dll, AssemblyResolver.OnResolve: Microsoft.Bcl.AsyncInterfaces: Assembly path does not exist: 'C:\Program Files\dotnet\sdk\5.0.401\Extensions\Microsoft.Bcl.AsyncInterfaces.exe', returning.
TpTrace Information: 0 : 9568, 1, 2021/11/28, 18:03:21.522, 7923949592243, vstest.console.dll, AssemblyResolver.OnResolve: Microsoft.Bcl.AsyncInterfaces: Searching in: 'C:\Program Files\dotnet\sdk\5.0.401'.
TpTrace Information: 0 : 9568, 1, 2021/11/28, 18:03:21.522, 7923949592895, vstest.console.dll, AssemblyResolver.OnResolve: Microsoft.Bcl.AsyncInterfaces: Assembly path does not exist: 'C:\Program Files\dotnet\sdk\5.0.401\Microsoft.Bcl.AsyncInterfaces.dll', returning.
TpTrace Information: 0 : 9568, 1, 2021/11/28, 18:03:21.522, 7923949593890, vstest.console.dll, AssemblyResolver.OnResolve: Microsoft.Bcl.AsyncInterfaces: Assembly path does not exist: 'C:\Program Files\dotnet\sdk\5.0.401\Microsoft.Bcl.AsyncInterfaces.exe', returning.
TpTrace Information: 0 : 9568, 1, 2021/11/28, 18:03:21.522, 7923949594214, vstest.console.dll, AssemblyResolver.OnResolve: Microsoft.Bcl.AsyncInterfaces: Failed to load assembly.
TpTrace Verbose: 0 : 9568, 1, 2021/11/28, 18:03:21.522, 7923949594566, vstest.console.dll, CurrentDomainAssemblyResolve: Resolving assembly 'Microsoft.Bcl.AsyncInterfaces'.
TpTrace Information: 0 : 9568, 1, 2021/11/28, 18:03:21.522, 7923949595195, vstest.console.dll, AssemblyResolver.OnResolve: Microsoft.Bcl.AsyncInterfaces: Resolving assembly.
TpTrace Information: 0 : 9568, 1, 2021/11/28, 18:03:21.522, 7923949595555, vstest.console.dll, AssemblyResolver.OnResolve: Microsoft.Bcl.AsyncInterfaces: Resolved from cache.
TpTrace Verbose: 0 : 9568, 1, 2021/11/28, 18:03:21.522, 7923949595850, vstest.console.dll, CurrentDomainAssemblyResolve: Resolving assembly 'Microsoft.Bcl.AsyncInterfaces'.
TpTrace Verbose: 0 : 9568, 1, 2021/11/28, 18:03:21.522, 7923949596170, vstest.console.dll, CurrentDomainAssemblyResolve: Failed to resolve assembly 'Microsoft.Bcl.AsyncInterfaces'.
TpTrace Verbose: 0 : 9568, 1, 2021/11/28, 18:03:21.523, 7923949603075, vstest.console.dll, CurrentDomainAssemblyResolve: Failed to resolve assembly 'Microsoft.Bcl.AsyncInterfaces'.
TpTrace Warning: 0 : 9568, 1, 2021/11/28, 18:03:21.541, 7923949784825, vstest.console.dll, TestPluginDiscoverer: Failed to get types from assembly 'Microsoft.Diagnostics.NETCore.Client, Version=0.2.2.41902, Culture=neutral, PublicKeyToken=31bf3856ad364e35'.  Skipping test extension scan for this assembly.  Error: System.Reflection.ReflectionTypeLoadException: Unable to load one or more of the requested types.
Could not load file or assembly 'Microsoft.Bcl.AsyncInterfaces, Version=1.0.0.0, Culture=neutral, PublicKeyToken=cc7b13ffcd2ddd51'. Le fichier spécifié est introuvable.
   at System.Reflection.RuntimeModule.GetTypes(RuntimeModule module)
   at System.Reflection.RuntimeModule.GetTypes()
   at System.Reflection.Assembly.GetTypes()
   at Microsoft.VisualStudio.TestPlatform.Common.ExtensionFramework.TestPluginDiscoverer.GetTestExtensionsFromAssembly[TPluginInfo,TExtension](Assembly assembly, Dictionary`2 pluginInfos)
System.IO.FileNotFoundException: Could not load file or assembly 'Microsoft.Bcl.AsyncInterfaces, Version=1.0.0.0, Culture=neutral, PublicKeyToken=cc7b13ffcd2ddd51'. Le fichier spécifié est introuvable.
File name: 'Microsoft.Bcl.AsyncInterfaces, Version=1.0.0.0, Culture=neutral, PublicKeyToken=cc7b13ffcd2ddd51'
TpTrace Warning: 0 : 9568, 1, 2021/11/28, 18:03:21.541, 7923949786601, vstest.console.dll, LoaderExceptions: System.IO.FileNotFoundException: Could not load file or assembly 'Microsoft.Bcl.AsyncInterfaces, Version=1.0.0.0, Culture=neutral, PublicKeyToken=cc7b13ffcd2ddd51'. Le fichier spécifié est introuvable.
File name: 'Microsoft.Bcl.AsyncInterfaces, Version=1.0.0.0, Culture=neutral, PublicKeyToken=cc7b13ffcd2ddd51'
TpTrace Information: 0 : 9568, 1, 2021/11/28, 18:03:21.542, 7923949787725, vstest.console.dll, AssemblyResolver.OnResolve: Microsoft.TestPlatform.Extensions.BlameDataCollector: Resolving assembly.
TpTrace Information: 0 : 9568, 1, 2021/11/28, 18:03:21.542, 7923949788117, vstest.console.dll, AssemblyResolver.OnResolve: Microsoft.TestPlatform.Extensions.BlameDataCollector: Searching in: 'C:\Program Files\dotnet\sdk\5.0.401\Extensions'.
TpTrace Information: 0 : 9568, 1, 2021/11/28, 18:03:21.543, 7923949806940, vstest.console.dll, AssemblyResolver.OnResolve: Microsoft.TestPlatform.Extensions.BlameDataCollector: Loading assembly 'C:\Program Files\dotnet\sdk\5.0.401\Extensions\Microsoft.TestPlatform.Extensions.BlameDataCollector.dll'.
TpTrace Information: 0 : 9568, 1, 2021/11/28, 18:03:21.545, 7923949821337, vstest.console.dll, AssemblyResolver.OnResolve: Resolved assembly: Microsoft.TestPlatform.Extensions.BlameDataCollector, from path: C:\Program Files\dotnet\sdk\5.0.401\Extensions\Microsoft.TestPlatform.Extensions.BlameDataCollector.dll
TpTrace Information: 0 : 9568, 1, 2021/11/28, 18:03:21.546, 7923949831107, vstest.console.dll, AssemblyResolver.OnResolve: Microsoft.TestPlatform.Extensions.EventLogCollector: Resolving assembly.
TpTrace Information: 0 : 9568, 1, 2021/11/28, 18:03:21.546, 7923949831662, vstest.console.dll, AssemblyResolver.OnResolve: Microsoft.TestPlatform.Extensions.EventLogCollector: Searching in: 'C:\Program Files\dotnet\sdk\5.0.401\Extensions'.
TpTrace Information: 0 : 9568, 1, 2021/11/28, 18:03:21.547, 7923949844326, vstest.console.dll, AssemblyResolver.OnResolve: Microsoft.TestPlatform.Extensions.EventLogCollector: Loading assembly 'C:\Program Files\dotnet\sdk\5.0.401\Extensions\Microsoft.TestPlatform.Extensions.EventLogCollector.dll'.
TpTrace Information: 0 : 9568, 1, 2021/11/28, 18:03:21.548, 7923949848998, vstest.console.dll, AssemblyResolver.OnResolve: Resolved assembly: Microsoft.TestPlatform.Extensions.EventLogCollector, from path: C:\Program Files\dotnet\sdk\5.0.401\Extensions\Microsoft.TestPlatform.Extensions.EventLogCollector.dll
TpTrace Information: 0 : 9568, 1, 2021/11/28, 18:03:21.551, 7923949884635, vstest.console.dll, AssemblyResolver.OnResolve: Microsoft.TestPlatform.TestHostRuntimeProvider: Resolving assembly.
TpTrace Information: 0 : 9568, 1, 2021/11/28, 18:03:21.551, 7923949885372, vstest.console.dll, AssemblyResolver.OnResolve: Microsoft.TestPlatform.TestHostRuntimeProvider: Searching in: 'C:\Program Files\dotnet\sdk\5.0.401\Extensions'.
TpTrace Information: 0 : 9568, 1, 2021/11/28, 18:03:21.553, 7923949900250, vstest.console.dll, AssemblyResolver.OnResolve: Microsoft.TestPlatform.TestHostRuntimeProvider: Loading assembly 'C:\Program Files\dotnet\sdk\5.0.401\Extensions\Microsoft.TestPlatform.TestHostRuntimeProvider.dll'.
TpTrace Information: 0 : 9568, 1, 2021/11/28, 18:03:21.553, 7923949905612, vstest.console.dll, AssemblyResolver.OnResolve: Resolved assembly: Microsoft.TestPlatform.TestHostRuntimeProvider, from path: C:\Program Files\dotnet\sdk\5.0.401\Extensions\Microsoft.TestPlatform.TestHostRuntimeProvider.dll
TpTrace Information: 0 : 9568, 1, 2021/11/28, 18:03:21.554, 7923949916451, vstest.console.dll, AssemblyResolver.OnResolve: Microsoft.VisualStudio.TestPlatform.Extensions.Html.TestLogger: Resolving assembly.
TpTrace Information: 0 : 9568, 1, 2021/11/28, 18:03:21.554, 7923949916973, vstest.console.dll, AssemblyResolver.OnResolve: Microsoft.VisualStudio.TestPlatform.Extensions.Html.TestLogger: Searching in: 'C:\Program Files\dotnet\sdk\5.0.401\Extensions'.
TpTrace Information: 0 : 9568, 1, 2021/11/28, 18:03:21.556, 7923949928448, vstest.console.dll, AssemblyResolver.OnResolve: Microsoft.VisualStudio.TestPlatform.Extensions.Html.TestLogger: Loading assembly 'C:\Program Files\dotnet\sdk\5.0.401\Extensions\Microsoft.VisualStudio.TestPlatform.Extensions.Html.TestLogger.dll'.
TpTrace Information: 0 : 9568, 1, 2021/11/28, 18:03:21.557, 7923949940621, vstest.console.dll, AssemblyResolver.OnResolve: Resolved assembly: Microsoft.VisualStudio.TestPlatform.Extensions.Html.TestLogger, from path: C:\Program Files\dotnet\sdk\5.0.401\Extensions\Microsoft.VisualStudio.TestPlatform.Extensions.Html.TestLogger.dll
TpTrace Information: 0 : 9568, 1, 2021/11/28, 18:03:21.557, 7923949943469, vstest.console.dll, AssemblyResolver.OnResolve: Microsoft.VisualStudio.TestPlatform.Extensions.Trx.TestLogger: Resolving assembly.
TpTrace Information: 0 : 9568, 1, 2021/11/28, 18:03:21.557, 7923949943943, vstest.console.dll, AssemblyResolver.OnResolve: Microsoft.VisualStudio.TestPlatform.Extensions.Trx.TestLogger: Searching in: 'C:\Program Files\dotnet\sdk\5.0.401\Extensions'.
TpTrace Information: 0 : 9568, 1, 2021/11/28, 18:03:21.559, 7923949966050, vstest.console.dll, AssemblyResolver.OnResolve: Microsoft.VisualStudio.TestPlatform.Extensions.Trx.TestLogger: Loading assembly 'C:\Program Files\dotnet\sdk\5.0.401\Extensions\Microsoft.VisualStudio.TestPlatform.Extensions.Trx.TestLogger.dll'.
TpTrace Information: 0 : 9568, 1, 2021/11/28, 18:03:21.562, 7923949988225, vstest.console.dll, AssemblyResolver.OnResolve: Resolved assembly: Microsoft.VisualStudio.TestPlatform.Extensions.Trx.TestLogger, from path: C:\Program Files\dotnet\sdk\5.0.401\Extensions\Microsoft.VisualStudio.TestPlatform.Extensions.Trx.TestLogger.dll
TpTrace Verbose: 0 : 9568, 1, 2021/11/28, 18:03:21.562, 7923949993125, vstest.console.dll, TestPluginCache: Discovered the extensions using extension path ''.
TpTrace Verbose: 0 : 9568, 1, 2021/11/28, 18:03:21.562, 7923949993649, vstest.console.dll, TestPluginCache: Discoverers are ''.
TpTrace Verbose: 0 : 9568, 1, 2021/11/28, 18:03:21.562, 7923949993932, vstest.console.dll, TestPluginCache: Executors are ''.
TpTrace Verbose: 0 : 9568, 1, 2021/11/28, 18:03:21.562, 7923949994188, vstest.console.dll, TestPluginCache: Executors2 are ''.
TpTrace Verbose: 0 : 9568, 1, 2021/11/28, 18:03:21.562, 7923949994424, vstest.console.dll, TestPluginCache: Setting providers are ''.
TpTrace Verbose: 0 : 9568, 1, 2021/11/28, 18:03:21.562, 7923949994659, vstest.console.dll, TestPluginCache: Loggers are ''.
TpTrace Information: 0 : 9568, 1, 2021/11/28, 18:03:21.567, 7923950038572, vstest.console.dll, RunTestsArgumentProcessor:Execute: Test run is starting.
TpTrace Verbose: 0 : 9568, 1, 2021/11/28, 18:03:21.567, 7923950039298, vstest.console.dll, RunTestsArgumentProcessor:Execute: Queuing Test run.
TpTrace Information: 0 : 9568, 1, 2021/11/28, 18:03:21.567, 7923950041165, vstest.console.dll, TestRequestManager.RunTests: run tests started.
TpTrace Information: 0 : 9568, 1, 2021/11/28, 18:03:21.571, 7923950077500, vstest.console.dll, AssemblyMetadataProvider.GetFrameWork: Determined framework:'.NETCoreApp,Version=v5.0' for source: 'C:\Users\Ghost\Documents\UE11 - Poo C#\Projet\Lombardelli.Nathan.Poo.Tracker\Lombardelli.Nathan.Poo.Tracker.Test\bin\Debug\net5.0\fine-code-coverage\build-output\Lombardelli.Nathan.Poo.Tracker.Test.dll'
TpTrace Information: 0 : 9568, 1, 2021/11/28, 18:03:21.571, 7923950079221, vstest.console.dll, Determined framework for all sources: .NETCoreApp,Version=v5.0
TpTrace Information: 0 : 9568, 1, 2021/11/28, 18:03:21.571, 7923950082764, vstest.console.dll, AssemblyMetadataProvider.GetArchitecture: Determined architecture:AnyCPU info for assembly: C:\Users\Ghost\Documents\UE11 - Poo C#\Projet\Lombardelli.Nathan.Poo.Tracker\Lombardelli.Nathan.Poo.Tracker.Test\bin\Debug\net5.0\fine-code-coverage\build-output\Lombardelli.Nathan.Poo.Tracker.Test.dll
TpTrace Information: 0 : 9568, 1, 2021/11/28, 18:03:21.573, 7923950099771, vstest.console.dll, Determined platform for all sources: X64
TpTrace Information: 0 : 9568, 1, 2021/11/28, 18:03:21.575, 7923950123724, vstest.console.dll, Compatible sources list : 
TpTrace Information: 0 : 9568, 1, 2021/11/28, 18:03:21.575, 7923950124325, vstest.console.dll, C:\Users\Ghost\Documents\UE11 - Poo C#\Projet\Lombardelli.Nathan.Poo.Tracker\Lombardelli.Nathan.Poo.Tracker.Test\bin\Debug\net5.0\fine-code-coverage\build-output\Lombardelli.Nathan.Poo.Tracker.Test.dll
TpTrace Information: 0 : 9568, 1, 2021/11/28, 18:03:21.577, 7923950144716, vstest.console.dll, InferRunSettingsHelper.IsTestSettingsEnabled: Unable to navigate to RunSettings/MSTest. Current node: RunSettings
TpTrace Information: 0 : 9568, 1, 2021/11/28, 18:03:21.578, 7923950149754, vstest.console.dll, AssemblyResolver.OnResolve: Microsoft.VisualStudio.TestPlatform.Fakes: Resolving assembly.
TpTrace Information: 0 : 9568, 1, 2021/11/28, 18:03:21.578, 7923950150290, vstest.console.dll, AssemblyResolver.OnResolve: Microsoft.VisualStudio.TestPlatform.Fakes: Searching in: 'C:\Program Files\dotnet\sdk\5.0.401\Extensions'.
TpTrace Information: 0 : 9568, 1, 2021/11/28, 18:03:21.578, 7923950151171, vstest.console.dll, AssemblyResolver.OnResolve: Microsoft.VisualStudio.TestPlatform.Fakes: Assembly path does not exist: 'C:\Program Files\dotnet\sdk\5.0.401\Extensions\Microsoft.VisualStudio.TestPlatform.Fakes.dll', returning.
TpTrace Information: 0 : 9568, 1, 2021/11/28, 18:03:21.578, 7923950151899, vstest.console.dll, AssemblyResolver.OnResolve: Microsoft.VisualStudio.TestPlatform.Fakes: Assembly path does not exist: 'C:\Program Files\dotnet\sdk\5.0.401\Extensions\Microsoft.VisualStudio.TestPlatform.Fakes.exe', returning.
TpTrace Information: 0 : 9568, 1, 2021/11/28, 18:03:21.578, 7923950152619, vstest.console.dll, AssemblyResolver.OnResolve: Microsoft.VisualStudio.TestPlatform.Fakes: Searching in: 'C:\Program Files\dotnet\sdk\5.0.401'.
TpTrace Information: 0 : 9568, 1, 2021/11/28, 18:03:21.578, 7923950153326, vstest.console.dll, AssemblyResolver.OnResolve: Microsoft.VisualStudio.TestPlatform.Fakes: Assembly path does not exist: 'C:\Program Files\dotnet\sdk\5.0.401\Microsoft.VisualStudio.TestPlatform.Fakes.dll', returning.
TpTrace Information: 0 : 9568, 1, 2021/11/28, 18:03:21.578, 7923950153906, vstest.console.dll, AssemblyResolver.OnResolve: Microsoft.VisualStudio.TestPlatform.Fakes: Assembly path does not exist: 'C:\Program Files\dotnet\sdk\5.0.401\Microsoft.VisualStudio.TestPlatform.Fakes.exe', returning.
TpTrace Information: 0 : 9568, 1, 2021/11/28, 18:03:21.578, 7923950154228, vstest.console.dll, AssemblyResolver.OnResolve: Microsoft.VisualStudio.TestPlatform.Fakes: Failed to load assembly.
TpTrace Information: 0 : 9568, 1, 2021/11/28, 18:03:21.579, 7923950163202, vstest.console.dll, Failed to create newly implemented Fakes Configurator. Reason:System.IO.FileNotFoundException: Could not load file or assembly 'Microsoft.VisualStudio.TestPlatform.Fakes, Version=16.0.0.0, Culture=neutral, PublicKeyToken=null'. Le fichier spécifié est introuvable.
File name: 'Microsoft.VisualStudio.TestPlatform.Fakes, Version=16.0.0.0, Culture=neutral, PublicKeyToken=null'
   at System.Reflection.RuntimeAssembly.InternalLoad(ObjectHandleOnStack assemblyName, ObjectHandleOnStack requestingAssembly, StackCrawlMarkHandle stackMark, Boolean throwOnFileNotFound, ObjectHandleOnStack assemblyLoadContext, ObjectHandleOnStack retAssembly)
   at System.Reflection.RuntimeAssembly.InternalLoad(AssemblyName assemblyName, RuntimeAssembly requestingAssembly, StackCrawlMark& stackMark, Boolean throwOnFileNotFound, AssemblyLoadContext assemblyLoadContext)
   at System.Reflection.Assembly.Load(AssemblyName assemblyRef)
   at Microsoft.VisualStudio.TestPlatform.Common.Utilities.FakesUtilities.TryGetFakesCrossPlatformDataCollectorConfigurator() 
TpTrace Verbose: 0 : 9568, 1, 2021/11/28, 18:03:21.583, 7923950199553, vstest.console.dll, TestPluginCache.DiscoverTestExtensions: finding test extensions in assemblies ends with: TestLogger.dll TPluginInfo: Microsoft.VisualStudio.TestPlatform.Common.ExtensionFramework.Utilities.TestLoggerPluginInformation TExtension: Microsoft.VisualStudio.TestPlatform.ObjectModel.Client.ITestLogger
TpTrace Verbose: 0 : 9568, 1, 2021/11/28, 18:03:21.583, 7923950200201, vstest.console.dll, TestPluginCache.GetExtensionPaths: Filtered extension paths: 
TpTrace Verbose: 0 : 9568, 1, 2021/11/28, 18:03:21.583, 7923950200527, vstest.console.dll, TestPluginCache.GetExtensionPaths: Added default extension paths: C:\Program Files\dotnet\sdk\5.0.401\Extensions\Microsoft.Diagnostics.NETCore.Client.dll
C:\Program Files\dotnet\sdk\5.0.401\Extensions\Microsoft.TestPlatform.Extensions.BlameDataCollector.dll
C:\Program Files\dotnet\sdk\5.0.401\Extensions\Microsoft.TestPlatform.Extensions.EventLogCollector.dll
C:\Program Files\dotnet\sdk\5.0.401\Extensions\Microsoft.TestPlatform.TestHostRuntimeProvider.dll
C:\Program Files\dotnet\sdk\5.0.401\Extensions\Microsoft.VisualStudio.TestPlatform.Extensions.Html.TestLogger.dll
C:\Program Files\dotnet\sdk\5.0.401\Extensions\Microsoft.VisualStudio.TestPlatform.Extensions.Trx.TestLogger.dll
TpTrace Verbose: 0 : 9568, 1, 2021/11/28, 18:03:21.583, 7923950200836, vstest.console.dll, TestPluginCache.GetExtensionPaths: Added unfilterableExtensionPaths: 
TpTrace Information: 0 : 9568, 1, 2021/11/28, 18:03:21.583, 7923950202119, vstest.console.dll, AssemblyResolver.AddSearchDirectories: Adding more searchDirectories C:\Program Files\dotnet\sdk\5.0.401\Extensions,C:\Program Files\dotnet\sdk\5.0.401
TpTrace Verbose: 0 : 9568, 1, 2021/11/28, 18:03:21.583, 7923950203121, vstest.console.dll, TestPluginCache.DiscoverTestExtensions: Discovering the extensions using extension path.
TpTrace Verbose: 0 : 9568, 1, 2021/11/28, 18:03:21.583, 7923950203457, vstest.console.dll, TestPluginCache.GetExtensionPaths: Filtered extension paths: 
TpTrace Verbose: 0 : 9568, 1, 2021/11/28, 18:03:21.583, 7923950203713, vstest.console.dll, TestPluginCache.GetExtensionPaths: Added default extension paths: C:\Program Files\dotnet\sdk\5.0.401\Extensions\Microsoft.Diagnostics.NETCore.Client.dll
C:\Program Files\dotnet\sdk\5.0.401\Extensions\Microsoft.TestPlatform.Extensions.BlameDataCollector.dll
C:\Program Files\dotnet\sdk\5.0.401\Extensions\Microsoft.TestPlatform.Extensions.EventLogCollector.dll
C:\Program Files\dotnet\sdk\5.0.401\Extensions\Microsoft.TestPlatform.TestHostRuntimeProvider.dll
C:\Program Files\dotnet\sdk\5.0.401\Extensions\Microsoft.VisualStudio.TestPlatform.Extensions.Html.TestLogger.dll
C:\Program Files\dotnet\sdk\5.0.401\Extensions\Microsoft.VisualStudio.TestPlatform.Extensions.Trx.TestLogger.dll
TpTrace Verbose: 0 : 9568, 1, 2021/11/28, 18:03:21.583, 7923950204034, vstest.console.dll, TestPluginCache.GetExtensionPaths: Added unfilterableExtensionPaths: 
TpTrace Verbose: 0 : 9568, 1, 2021/11/28, 18:03:21.583, 7923950204302, vstest.console.dll, TestPluginCache.DiscoverTestExtensions: Discovering the extensions using allExtensionPaths: C:\Program Files\dotnet\sdk\5.0.401\Extensions\Microsoft.Diagnostics.NETCore.Client.dll
C:\Program Files\dotnet\sdk\5.0.401\Extensions\Microsoft.TestPlatform.Extensions.BlameDataCollector.dll
C:\Program Files\dotnet\sdk\5.0.401\Extensions\Microsoft.TestPlatform.Extensions.EventLogCollector.dll
C:\Program Files\dotnet\sdk\5.0.401\Extensions\Microsoft.TestPlatform.TestHostRuntimeProvider.dll
C:\Program Files\dotnet\sdk\5.0.401\Extensions\Microsoft.VisualStudio.TestPlatform.Extensions.Html.TestLogger.dll
C:\Program Files\dotnet\sdk\5.0.401\Extensions\Microsoft.VisualStudio.TestPlatform.Extensions.Trx.TestLogger.dll
TpTrace Information: 0 : 9568, 1, 2021/11/28, 18:03:21.583, 7923950204726, vstest.console.dll, AssemblyResolver.AddSearchDirectories: Adding more searchDirectories C:\Program Files\dotnet\sdk\5.0.401\Extensions,C:\Program Files\dotnet\sdk\5.0.401
TpTrace Information: 0 : 9568, 1, 2021/11/28, 18:03:21.583, 7923950205019, vstest.console.dll, AssemblyResolver.AddSearchDirectories: Adding more searchDirectories C:\Program Files\dotnet\sdk\5.0.401\Extensions,C:\Program Files\dotnet\sdk\5.0.401
TpTrace Information: 0 : 9568, 1, 2021/11/28, 18:03:21.583, 7923950205279, vstest.console.dll, AssemblyResolver.AddSearchDirectories: Adding more searchDirectories C:\Program Files\dotnet\sdk\5.0.401\Extensions,C:\Program Files\dotnet\sdk\5.0.401
TpTrace Information: 0 : 9568, 1, 2021/11/28, 18:03:21.583, 7923950205573, vstest.console.dll, AssemblyResolver.AddSearchDirectories: Adding more searchDirectories C:\Program Files\dotnet\sdk\5.0.401\Extensions,C:\Program Files\dotnet\sdk\5.0.401
TpTrace Information: 0 : 9568, 1, 2021/11/28, 18:03:21.583, 7923950205831, vstest.console.dll, AssemblyResolver.AddSearchDirectories: Adding more searchDirectories C:\Program Files\dotnet\sdk\5.0.401\Extensions,C:\Program Files\dotnet\sdk\5.0.401
TpTrace Information: 0 : 9568, 1, 2021/11/28, 18:03:21.583, 7923950206079, vstest.console.dll, AssemblyResolver.AddSearchDirectories: Adding more searchDirectories C:\Program Files\dotnet\sdk\5.0.401\Extensions,C:\Program Files\dotnet\sdk\5.0.401
TpTrace Information: 0 : 9568, 1, 2021/11/28, 18:03:21.584, 7923950208177, vstest.console.dll, AssemblyResolver.OnResolve: Microsoft.Bcl.AsyncInterfaces: Resolving assembly.
TpTrace Information: 0 : 9568, 1, 2021/11/28, 18:03:21.584, 7923950208544, vstest.console.dll, AssemblyResolver.OnResolve: Microsoft.Bcl.AsyncInterfaces: Resolved from cache.
TpTrace Verbose: 0 : 9568, 1, 2021/11/28, 18:03:21.584, 7923950208820, vstest.console.dll, CurrentDomainAssemblyResolve: Resolving assembly 'Microsoft.Bcl.AsyncInterfaces'.
TpTrace Information: 0 : 9568, 1, 2021/11/28, 18:03:21.584, 7923950209317, vstest.console.dll, AssemblyResolver.OnResolve: Microsoft.Bcl.AsyncInterfaces: Resolving assembly.
TpTrace Information: 0 : 9568, 1, 2021/11/28, 18:03:21.584, 7923950209611, vstest.console.dll, AssemblyResolver.OnResolve: Microsoft.Bcl.AsyncInterfaces: Resolved from cache.
TpTrace Verbose: 0 : 9568, 1, 2021/11/28, 18:03:21.584, 7923950209911, vstest.console.dll, CurrentDomainAssemblyResolve: Resolving assembly 'Microsoft.Bcl.AsyncInterfaces'.
TpTrace Verbose: 0 : 9568, 1, 2021/11/28, 18:03:21.584, 7923950210151, vstest.console.dll, CurrentDomainAssemblyResolve: Failed to resolve assembly 'Microsoft.Bcl.AsyncInterfaces'.
TpTrace Verbose: 0 : 9568, 1, 2021/11/28, 18:03:21.584, 7923950211369, vstest.console.dll, CurrentDomainAssemblyResolve: Failed to resolve assembly 'Microsoft.Bcl.AsyncInterfaces'.
TpTrace Warning: 0 : 9568, 1, 2021/11/28, 18:03:21.584, 7923950213626, vstest.console.dll, TestPluginDiscoverer: Failed to get types from assembly 'Microsoft.Diagnostics.NETCore.Client, Version=0.2.2.41902, Culture=neutral, PublicKeyToken=31bf3856ad364e35'.  Skipping test extension scan for this assembly.  Error: System.Reflection.ReflectionTypeLoadException: Unable to load one or more of the requested types.
Could not load file or assembly 'Microsoft.Bcl.AsyncInterfaces, Version=1.0.0.0, Culture=neutral, PublicKeyToken=cc7b13ffcd2ddd51'. Le fichier spécifié est introuvable.
   at System.Reflection.RuntimeModule.GetTypes(RuntimeModule module)
   at System.Reflection.RuntimeModule.GetTypes()
   at System.Reflection.Assembly.GetTypes()
   at Microsoft.VisualStudio.TestPlatform.Common.ExtensionFramework.TestPluginDiscoverer.GetTestExtensionsFromAssembly[TPluginInfo,TExtension](Assembly assembly, Dictionary`2 pluginInfos)
System.IO.FileNotFoundException: Could not load file or assembly 'Microsoft.Bcl.AsyncInterfaces, Version=1.0.0.0, Culture=neutral, PublicKeyToken=cc7b13ffcd2ddd51'. Le fichier spécifié est introuvable.
File name: 'Microsoft.Bcl.AsyncInterfaces, Version=1.0.0.0, Culture=neutral, PublicKeyToken=cc7b13ffcd2ddd51'
TpTrace Warning: 0 : 9568, 1, 2021/11/28, 18:03:21.584, 7923950214073, vstest.console.dll, LoaderExceptions: System.IO.FileNotFoundException: Could not load file or assembly 'Microsoft.Bcl.AsyncInterfaces, Version=1.0.0.0, Culture=neutral, PublicKeyToken=cc7b13ffcd2ddd51'. Le fichier spécifié est introuvable.
File name: 'Microsoft.Bcl.AsyncInterfaces, Version=1.0.0.0, Culture=neutral, PublicKeyToken=cc7b13ffcd2ddd51'
TpTrace Verbose: 0 : 9568, 1, 2021/11/28, 18:03:21.584, 7923950217149, vstest.console.dll, TestPluginCache: Discovered the extensions using extension path ''.
TpTrace Verbose: 0 : 9568, 1, 2021/11/28, 18:03:21.585, 7923950217521, vstest.console.dll, TestPluginCache: Discoverers are ''.
TpTrace Verbose: 0 : 9568, 1, 2021/11/28, 18:03:21.585, 7923950217801, vstest.console.dll, TestPluginCache: Executors are ''.
TpTrace Verbose: 0 : 9568, 1, 2021/11/28, 18:03:21.585, 7923950218016, vstest.console.dll, TestPluginCache: Executors2 are ''.
TpTrace Verbose: 0 : 9568, 1, 2021/11/28, 18:03:21.585, 7923950218227, vstest.console.dll, TestPluginCache: Setting providers are ''.
TpTrace Verbose: 0 : 9568, 1, 2021/11/28, 18:03:21.585, 7923950218832, vstest.console.dll, TestPluginCache: Loggers are 'logger://Microsoft/TestPlatform/Extensions/Blame/v1,logger://Microsoft/TestPlatform/HtmlLogger/v1,logger://Microsoft/TestPlatform/TrxLogger/v1'.
TpTrace Information: 0 : 9568, 1, 2021/11/28, 18:03:21.585, 7923950224145, vstest.console.dll, TestPluginManager.CreateTestExtension: Attempting to load test extension: Microsoft.TestPlatform.Extensions.BlameDataCollector.BlameLogger
TpTrace Information: 0 : 9568, 1, 2021/11/28, 18:03:21.592, 7923950294906, vstest.console.dll, TestPluginManager.CreateTestExtension: Attempting to load test extension: Microsoft.VisualStudio.TestPlatform.CrossPlatEngine.Hosting.DefaultTestHostManager
TpTrace Information: 0 : 9568, 1, 2021/11/28, 18:03:21.592, 7923950297030, vstest.console.dll, TestPluginManager.CreateTestExtension: Attempting to load test extension: Microsoft.VisualStudio.TestPlatform.CrossPlatEngine.Hosting.DotnetTestHostManager
TpTrace Verbose: 0 : 9568, 1, 2021/11/28, 18:03:21.593, 7923950301325, vstest.console.dll, TestEngine: Initializing Parallel Execution as MaxCpuCount is set to: 1
TpTrace Information: 0 : 9568, 1, 2021/11/28, 18:03:21.593, 7923950305402, vstest.console.dll, InferRunSettingsHelper.IsTestSettingsEnabled: Unable to navigate to RunSettings/MSTest. Current node: RunSettings
TpTrace Verbose: 0 : 9568, 1, 2021/11/28, 18:03:21.624, 7923950612122, vstest.console.dll, TestRequestSender is acting as server
TpTrace Verbose: 0 : 9568, 4, 2021/11/28, 18:03:21.628, 7923950650595, vstest.console.dll, DataCollectionRequestSender.InitializeCommunication : Initialize communication. 
TpTrace Information: 0 : 9568, 4, 2021/11/28, 18:03:21.637, 7923950738820, vstest.console.dll, Listening on Endpoint : 127.0.0.1:52981
TpTrace Verbose: 0 : 9568, 4, 2021/11/28, 18:03:21.646, 7923950828346, vstest.console.dll, DotnetDataCollectionLauncher: Full path of dotnet.exe is C:\Program Files\dotnet\dotnet.exe
TpTrace Verbose: 0 : 9568, 4, 2021/11/28, 18:03:21.646, 7923950830290, vstest.console.dll, DotnetDataCollectionLauncher: Adding  --runtimeconfig "C:\Program Files\dotnet\sdk\5.0.401\datacollector.runtimeconfig.json" in args
TpTrace Verbose: 0 : 9568, 4, 2021/11/28, 18:03:21.646, 7923950831346, vstest.console.dll, DotnetDataCollectionLauncher: Adding  --depsfile "C:\Program Files\dotnet\sdk\5.0.401\datacollector.deps.json" in args
TpTrace Information: 0 : 9568, 4, 2021/11/28, 18:03:21.653, 7923950900336, vstest.console.dll, ProxyDataCollectionManager.Initialize: Launched datacollector processId: 19624 port: 52981
TpTrace Information: 0 : 9568, 4, 2021/11/28, 18:03:21.653, 7923950901878, vstest.console.dll, ProxyDataCollectionManager.Initialize: waiting for connection with timeout: 90 seconds
TpTrace Verbose: 0 : 9568, 4, 2021/11/28, 18:03:21.653, 7923950902434, vstest.console.dll, DataCollectionRequestSender.WaitForRequestHandlerConnection : Waiting for connection with timeout: 90000
TpTrace Information: 0 : 9568, 7, 2021/11/28, 18:03:21.783, 7923952204461, vstest.console.dll, Using the buffer size of 16384 bytes
TpTrace Information: 0 : 9568, 7, 2021/11/28, 18:03:21.783, 7923952205223, vstest.console.dll, Accepted Client request and set the flag
TpTrace Verbose: 0 : 9568, 4, 2021/11/28, 18:03:21.783, 7923952205324, vstest.console.dll, ProxyDataCollectionManager.InvokeDataCollectionServiceAction: Starting.
TpTrace Information: 0 : 9568, 4, 2021/11/28, 18:03:21.783, 7923952206151, vstest.console.dll, ProxyDataCollectionManager.BeforeTestRunStart: Get environment variable and port for datacollector processId: 19624 port: 52981
TpTrace Verbose: 0 : 9568, 4, 2021/11/28, 18:03:21.783, 7923952206997, vstest.console.dll, DataCollectionRequestSender.SendBeforeTestRunStartAndGetResult : Send BeforeTestRunStart message with settingsXml <RunSettings><RunConfiguration><ResultsDirectory>C:\Users\Ghost\Documents\UE11 - Poo C#\Projet\Lombardelli.Nathan.Poo.Tracker\Lombardelli.Nathan.Poo.Tracker.Test\bin\Debug\net5.0\fine-code-coverage\coverage-tool-output</ResultsDirectory><TargetPlatform>X64</TargetPlatform><TargetFrameworkVersion>.NETCoreApp,Version=v5.0</TargetFrameworkVersion><DesignMode>False</DesignMode><CollectSourceInformation>False</CollectSourceInformation><TestAdaptersPaths>C:\Program Files\dotnet\sdk\5.0.401\Extensions</TestAdaptersPaths></RunConfiguration><LoggerRunSettings><Loggers><Logger friendlyName="blame" enabled="True" /><Logger friendlyName="Console" uri="logger://microsoft/TestPlatform/ConsoleLogger/v1" assemblyQualifiedName="Microsoft.VisualStudio.TestPlatform.CommandLine.Internal.ConsoleLogger, vstest.console, Version=15.0.0.0, Culture=neutral, PublicKeyToken=b03f5f7f11d50a3a" codeBase="C:\Program Files\dotnet\sdk\5.0.401\vstest.console.dll" enabled="True" /></Loggers></LoggerRunSettings><DataCollectionRunSettings><DataCollectors><DataCollector friendlyName="blame" enabled="True"><Configuration><ResultsDirectory>C:\Users\Ghost\Documents\UE11 - Poo C#\Projet\Lombardelli.Nathan.Poo.Tracker\Lombardelli.Nathan.Poo.Tracker.Test\bin\Debug\net5.0\fine-code-coverage\coverage-tool-output</ResultsDirectory></Configuration></DataCollector></DataCollectors></DataCollectionRunSettings></RunSettings> and sources System.Linq.Enumerable+Concat2Iterator`1[System.String]: 
TpTrace Verbose: 0 : 9568, 4, 2021/11/28, 18:03:21.851, 7923952883489, vstest.console.dll, DataCollectionRequestSender.SendBeforeTestRunStartAndGetResult : Received message: (DataCollection.SendMessage) -> {
  "FriendlyName": null,
  "Uri": null,
  "TestCaseId": "00000000-0000-0000-0000-000000000000",
  "Message": "Logging DataCollector Diagnostics in file: C:\\Users\\Ghost\\Documents\\UE11 - Poo C#\\Projet\\Lombardelli.Nathan.Poo.Tracker\\Lombardelli.Nathan.Poo.Tracker.Test\\bin\\Debug\\net5.0\\fine-code-coverage\\coverage-tool-output\\diagnostics.datacollector.21-11-28_18-03-21_64234_4.log",
  "Level": 0
}
TpTrace Information: 0 : 9568, 4, 2021/11/28, 18:03:21.856, 7923952930556, vstest.console.dll, AssemblyResolver.OnResolve: Microsoft.VisualStudio.TestPlatform.Common.resources: Resolving assembly.
TpTrace Information: 0 : 9568, 4, 2021/11/28, 18:03:21.856, 7923952931265, vstest.console.dll, AssemblyResolver.OnResolve: Microsoft.VisualStudio.TestPlatform.Common.resources: Searching in: 'C:\Program Files\dotnet\sdk\5.0.401\Extensions'.
TpTrace Information: 0 : 9568, 4, 2021/11/28, 18:03:21.856, 7923952931951, vstest.console.dll, AssemblyResolver.OnResolve: Microsoft.VisualStudio.TestPlatform.Common.resources: Assembly path does not exist: 'C:\Program Files\dotnet\sdk\5.0.401\Extensions\Microsoft.VisualStudio.TestPlatform.Common.resources.dll', returning.
TpTrace Information: 0 : 9568, 4, 2021/11/28, 18:03:21.856, 7923952932610, vstest.console.dll, AssemblyResolver.OnResolve: Microsoft.VisualStudio.TestPlatform.Common.resources: Assembly path does not exist: 'C:\Program Files\dotnet\sdk\5.0.401\Extensions\Microsoft.VisualStudio.TestPlatform.Common.resources.exe', returning.
TpTrace Information: 0 : 9568, 4, 2021/11/28, 18:03:21.856, 7923952932898, vstest.console.dll, AssemblyResolver.OnResolve: Microsoft.VisualStudio.TestPlatform.Common.resources: Searching in: 'C:\Program Files\dotnet\sdk\5.0.401'.
TpTrace Information: 0 : 9568, 4, 2021/11/28, 18:03:21.856, 7923952933465, vstest.console.dll, AssemblyResolver.OnResolve: Microsoft.VisualStudio.TestPlatform.Common.resources: Assembly path does not exist: 'C:\Program Files\dotnet\sdk\5.0.401\Microsoft.VisualStudio.TestPlatform.Common.resources.dll', returning.
TpTrace Information: 0 : 9568, 4, 2021/11/28, 18:03:21.856, 7923952934073, vstest.console.dll, AssemblyResolver.OnResolve: Microsoft.VisualStudio.TestPlatform.Common.resources: Assembly path does not exist: 'C:\Program Files\dotnet\sdk\5.0.401\Microsoft.VisualStudio.TestPlatform.Common.resources.exe', returning.
TpTrace Information: 0 : 9568, 4, 2021/11/28, 18:03:21.856, 7923952934355, vstest.console.dll, AssemblyResolver.OnResolve: Microsoft.VisualStudio.TestPlatform.Common.resources: Failed to load assembly.
TpTrace Verbose: 0 : 9568, 4, 2021/11/28, 18:03:21.907, 7923953442791, vstest.console.dll, DataCollectionRequestSender.SendBeforeTestRunStartAndGetResult : Received message: (DataCollection.BeforeTestRunStartResult) -> {
  "EnvironmentVariables": {},
  "DataCollectionEventsPort": 52983
}
TpTrace Information: 0 : 9568, 4, 2021/11/28, 18:03:21.910, 7923953474078, vstest.console.dll, ProxyDataCollectionManager.BeforeTestRunStart: SendBeforeTestRunStartAndGetResult successful, env variable from datacollector:   and testhost port: 52983
TpTrace Information: 0 : 9568, 4, 2021/11/28, 18:03:21.910, 7923953474657, vstest.console.dll, ProxyDataCollectionManager.InvokeDataCollectionServiceAction: Completed.
TpTrace Verbose: 0 : 9568, 1, 2021/11/28, 18:03:21.910, 7923953475607, vstest.console.dll, TestRunRequest.ExecuteAsync: Creating test run request.
TpTrace Verbose: 0 : 9568, 1, 2021/11/28, 18:03:21.911, 7923953477732, vstest.console.dll, TestRunRequest.ExecuteAsync: Starting.
TpTrace Information: 0 : 9568, 1, 2021/11/28, 18:03:21.911, 7923953479939, vstest.console.dll, TestRunRequest.ExecuteAsync: Starting run with settings:TestRunCriteria:
   KeepAlive=False,FrequencyOfRunStatsChangeEvent=10,RunStatsChangeEventTimeout=00:00:01.5000000,TestCaseFilter=,TestExecutorLauncher=
   Settingsxml=<RunSettings>
  <RunConfiguration>
    <ResultsDirectory>C:\Users\Ghost\Documents\UE11 - Poo C#\Projet\Lombardelli.Nathan.Poo.Tracker\Lombardelli.Nathan.Poo.Tracker.Test\bin\Debug\net5.0\fine-code-coverage\coverage-tool-output</ResultsDirectory>
    <TargetPlatform>X64</TargetPlatform>
    <TargetFrameworkVersion>.NETCoreApp,Version=v5.0</TargetFrameworkVersion>
    <DesignMode>False</DesignMode>
    <CollectSourceInformation>False</CollectSourceInformation>
  </RunConfiguration>
  <LoggerRunSettings>
    <Loggers>
      <Logger friendlyName="blame" enabled="True" />
      <Logger friendlyName="Console" uri="logger://microsoft/TestPlatform/ConsoleLogger/v1" assemblyQualifiedName="Microsoft.VisualStudio.TestPlatform.CommandLine.Internal.ConsoleLogger, vstest.console, Version=15.0.0.0, Culture=neutral, PublicKeyToken=b03f5f7f11d50a3a" codeBase="C:\Program Files\dotnet\sdk\5.0.401\vstest.console.dll" enabled="True" />
    </Loggers>
  </LoggerRunSettings>
  <DataCollectionRunSettings>
    <DataCollectors>
      <DataCollector friendlyName="blame" enabled="True">
        <Configuration>
          <ResultsDirectory>C:\Users\Ghost\Documents\UE11 - Poo C#\Projet\Lombardelli.Nathan.Poo.Tracker\Lombardelli.Nathan.Poo.Tracker.Test\bin\Debug\net5.0\fine-code-coverage\coverage-tool-output</ResultsDirectory>
        </Configuration>
      </DataCollector>
    </DataCollectors>
  </DataCollectionRunSettings>
</RunSettings>

TpTrace Verbose: 0 : 9568, 1, 2021/11/28, 18:03:21.911, 7923953480421, vstest.console.dll, TestRunRequest.ExecuteAsync: Wait for the first run request is over.
TpTrace Verbose: 0 : 9568, 1, 2021/11/28, 18:03:21.911, 7923953483693, vstest.console.dll, ParallelProxyExecutionManager: Start execution. Total sources: 1
TpTrace Information: 0 : 9568, 1, 2021/11/28, 18:03:21.912, 7923953488489, vstest.console.dll, ProxyParallelExecutionManager: Triggering test run for next source: C:\Users\Ghost\Documents\UE11 - Poo C#\Projet\Lombardelli.Nathan.Poo.Tracker\Lombardelli.Nathan.Poo.Tracker.Test\bin\Debug\net5.0\fine-code-coverage\build-output\Lombardelli.Nathan.Poo.Tracker.Test.dll
TpTrace Verbose: 0 : 9568, 6, 2021/11/28, 18:03:21.912, 7923953489955, vstest.console.dll, ParallelProxyExecutionManager: Execution started. Started clients: 1
TpTrace Verbose: 0 : 9568, 1, 2021/11/28, 18:03:21.912, 7923953490021, vstest.console.dll, ProxyParallelExecutionManager: No sources available for execution.
TpTrace Information: 0 : 9568, 1, 2021/11/28, 18:03:21.912, 7923953490906, vstest.console.dll, TestRunRequest.ExecuteAsync: Started.
TpTrace Verbose: 0 : 9568, 1, 2021/11/28, 18:03:21.912, 7923953491488, vstest.console.dll, TestRunRequest.WaitForCompletion: Waiting with timeout -1.
TpTrace Verbose: 0 : 9568, 6, 2021/11/28, 18:03:21.912, 7923953492384, vstest.console.dll, TestRunRequest:SendTestRunMessage: Starting.
TpTrace Information: 0 : 9568, 6, 2021/11/28, 18:03:21.912, 7923953493334, vstest.console.dll, TestRunRequest:SendTestRunMessage: Completed.
TpTrace Verbose: 0 : 9568, 6, 2021/11/28, 18:03:21.912, 7923953495036, vstest.console.dll, ProxyExecutionManager: Test host is always Lazy initialize.
TpTrace Verbose: 0 : 9568, 6, 2021/11/28, 18:03:21.912, 7923953496977, vstest.console.dll, TestRequestSender.InitializeCommunication: initialize communication. 
TpTrace Information: 0 : 9568, 6, 2021/11/28, 18:03:21.913, 7923953501305, vstest.console.dll, SocketServer.Start: Listening on endpoint : 127.0.0.1:52984
TpTrace Verbose: 0 : 9568, 6, 2021/11/28, 18:03:21.914, 7923953507190, vstest.console.dll, DotnetTestHostmanager: Adding  --runtimeconfig "C:\Users\Ghost\Documents\UE11 - Poo C#\Projet\Lombardelli.Nathan.Poo.Tracker\Lombardelli.Nathan.Poo.Tracker.Test\bin\Debug\net5.0\fine-code-coverage\build-output\Lombardelli.Nathan.Poo.Tracker.Test.runtimeconfig.json" in args
TpTrace Verbose: 0 : 9568, 6, 2021/11/28, 18:03:21.914, 7923953508161, vstest.console.dll, DotnetTestHostmanager: Adding  --depsfile "C:\Users\Ghost\Documents\UE11 - Poo C#\Projet\Lombardelli.Nathan.Poo.Tracker\Lombardelli.Nathan.Poo.Tracker.Test\bin\Debug\net5.0\fine-code-coverage\build-output\Lombardelli.Nathan.Poo.Tracker.Test.deps.json" in args
TpTrace Verbose: 0 : 9568, 6, 2021/11/28, 18:03:21.914, 7923953510311, vstest.console.dll, DotnetTestHostManager: Testhost.exe/testhost.x86.exe found at path: C:\Users\Ghost\Documents\UE11 - Poo C#\Projet\Lombardelli.Nathan.Poo.Tracker\Lombardelli.Nathan.Poo.Tracker.Test\bin\Debug\net5.0\fine-code-coverage\build-output\testhost.exe
TpTrace Verbose: 0 : 9568, 6, 2021/11/28, 18:03:21.914, 7923953510786, vstest.console.dll, DotnetTestHostmanager: Full path of host exe is C:\Users\Ghost\Documents\UE11 - Poo C#\Projet\Lombardelli.Nathan.Poo.Tracker\Lombardelli.Nathan.Poo.Tracker.Test\bin\Debug\net5.0\fine-code-coverage\build-output\testhost.exe
TpTrace Verbose: 0 : 9568, 4, 2021/11/28, 18:03:21.915, 7923953518425, vstest.console.dll, DotnetTestHostManager: Starting process 'C:\Users\Ghost\Documents\UE11 - Poo C#\Projet\Lombardelli.Nathan.Poo.Tracker\Lombardelli.Nathan.Poo.Tracker.Test\bin\Debug\net5.0\fine-code-coverage\build-output\testhost.exe' with command line ' --runtimeconfig "C:\Users\Ghost\Documents\UE11 - Poo C#\Projet\Lombardelli.Nathan.Poo.Tracker\Lombardelli.Nathan.Poo.Tracker.Test\bin\Debug\net5.0\fine-code-coverage\build-output\Lombardelli.Nathan.Poo.Tracker.Test.runtimeconfig.json" --depsfile "C:\Users\Ghost\Documents\UE11 - Poo C#\Projet\Lombardelli.Nathan.Poo.Tracker\Lombardelli.Nathan.Poo.Tracker.Test\bin\Debug\net5.0\fine-code-coverage\build-output\Lombardelli.Nathan.Poo.Tracker.Test.deps.json" --port 52984 --endpoint 127.0.0.1:052984 --role client --parentprocessid 9568 --diag "C:\Users\Ghost\Documents\UE11 - Poo C#\Projet\Lombardelli.Nathan.Poo.Tracker\Lombardelli.Nathan.Poo.Tracker.Test\bin\Debug\net5.0\fine-code-coverage\coverage-tool-output\diagnostics.host.21-11-28_18-03-21_91367_6.log" --tracelevel 4 --datacollectionport 52983 --telemetryoptedin false'
TpTrace Verbose: 0 : 9568, 4, 2021/11/28, 18:03:21.920, 7923953574185, vstest.console.dll, Test Runtime launched
TpTrace Verbose: 0 : 9568, 6, 2021/11/28, 18:03:21.921, 7923953579196, vstest.console.dll, TestRequestSender.WaitForRequestHandlerConnection: waiting for connection with timeout: 90000
TpTrace Verbose: 0 : 9568, 4, 2021/11/28, 18:03:22.067, 7923955037935, vstest.console.dll, SocketServer.OnClientConnected: Client connected for endPoint: 127.0.0.1:52984, starting MessageLoopAsync:
TpTrace Verbose: 0 : 9568, 4, 2021/11/28, 18:03:22.067, 7923955039835, vstest.console.dll, TcpClientExtensions.MessageLoopAsync: Polling on remoteEndPoint: 127.0.0.1:52985 localEndPoint: 127.0.0.1:52984
TpTrace Verbose: 0 : 9568, 4, 2021/11/28, 18:03:22.196, 7923956328199, vstest.console.dll, TcpClientExtensions.MessageLoopAsync: NotifyDataAvailable remoteEndPoint: 127.0.0.1:52985 localEndPoint: 127.0.0.1:52984
TpTrace Verbose: 0 : 9568, 4, 2021/11/28, 18:03:22.196, 7923956330307, vstest.console.dll, TestRequestSender.CheckVersionWithTestHost: onMessageReceived received message: (ProtocolVersion) -> 5
TpTrace Verbose: 0 : 9568, 4, 2021/11/28, 18:03:22.196, 7923956333234, vstest.console.dll, TcpClientExtensions.MessageLoopAsync: Polling on remoteEndPoint: 127.0.0.1:52985 localEndPoint: 127.0.0.1:52984
TpTrace Verbose: 0 : 9568, 6, 2021/11/28, 18:03:22.196, 7923956334350, vstest.console.dll, TestPluginCache.GetExtensionPaths: Filtered extension paths: 
TpTrace Verbose: 0 : 9568, 6, 2021/11/28, 18:03:22.196, 7923956334936, vstest.console.dll, TestPluginCache.GetExtensionPaths: Added default extension paths: C:\Program Files\dotnet\sdk\5.0.401\Extensions\Microsoft.Diagnostics.NETCore.Client.dll
C:\Program Files\dotnet\sdk\5.0.401\Extensions\Microsoft.TestPlatform.Extensions.BlameDataCollector.dll
C:\Program Files\dotnet\sdk\5.0.401\Extensions\Microsoft.TestPlatform.Extensions.EventLogCollector.dll
C:\Program Files\dotnet\sdk\5.0.401\Extensions\Microsoft.TestPlatform.TestHostRuntimeProvider.dll
C:\Program Files\dotnet\sdk\5.0.401\Extensions\Microsoft.VisualStudio.TestPlatform.Extensions.Html.TestLogger.dll
C:\Program Files\dotnet\sdk\5.0.401\Extensions\Microsoft.VisualStudio.TestPlatform.Extensions.Trx.TestLogger.dll
TpTrace Verbose: 0 : 9568, 6, 2021/11/28, 18:03:22.196, 7923956335332, vstest.console.dll, TestPluginCache.GetExtensionPaths: Added unfilterableExtensionPaths: 
TpTrace Verbose: 0 : 9568, 6, 2021/11/28, 18:03:22.199, 7923956361599, vstest.console.dll, TestRequestSender.InitializeExecution: Sending initializing execution with message: {"Version":5,"MessageType":"TestExecution.Initialize","Payload":["C:\\Users\\Ghost\\Documents\\UE11 - Poo C#\\Projet\\Lombardelli.Nathan.Poo.Tracker\\Lombardelli.Nathan.Poo.Tracker.Test\\bin\\Debug\\net5.0\\fine-code-coverage\\build-output\\NUnit3.TestAdapter.dll"]}
TpTrace Verbose: 0 : 9568, 6, 2021/11/28, 18:03:22.214, 7923956511527, vstest.console.dll, TestRequestSender.StartTestRun: Sending test run with message: {"Version":5,"MessageType":"TestExecution.StartWithSources","Payload":{"AdapterSourceMap":{"_none_":["C:\\Users\\Ghost\\Documents\\UE11 - Poo C#\\Projet\\Lombardelli.Nathan.Poo.Tracker\\Lombardelli.Nathan.Poo.Tracker.Test\\bin\\Debug\\net5.0\\fine-code-coverage\\build-output\\Lombardelli.Nathan.Poo.Tracker.Test.dll"]},"RunSettings":"<RunSettings>\r\n  <RunConfiguration>\r\n    <ResultsDirectory>C:\\Users\\Ghost\\Documents\\UE11 - Poo C#\\Projet\\Lombardelli.Nathan.Poo.Tracker\\Lombardelli.Nathan.Poo.Tracker.Test\\bin\\Debug\\net5.0\\fine-code-coverage\\coverage-tool-output</ResultsDirectory>\r\n    <TargetPlatform>X64</TargetPlatform>\r\n    <TargetFrameworkVersion>.NETCoreApp,Version=v5.0</TargetFrameworkVersion>\r\n    <DesignMode>False</DesignMode>\r\n    <CollectSourceInformation>False</CollectSourceInformation>\r\n  </RunConfiguration>\r\n  <LoggerRunSettings>\r\n    <Loggers>\r\n      <Logger friendlyName=\"blame\" enabled=\"True\" />\r\n      <Logger friendlyName=\"Console\" uri=\"logger://microsoft/TestPlatform/ConsoleLogger/v1\" assemblyQualifiedName=\"Microsoft.VisualStudio.TestPlatform.CommandLine.Internal.ConsoleLogger, vstest.console, Version=15.0.0.0, Culture=neutral, PublicKeyToken=b03f5f7f11d50a3a\" codeBase=\"C:\\Program Files\\dotnet\\sdk\\5.0.401\\vstest.console.dll\" enabled=\"True\" />\r\n    </Loggers>\r\n  </LoggerRunSettings>\r\n  <DataCollectionRunSettings>\r\n    <DataCollectors>\r\n      <DataCollector friendlyName=\"blame\" enabled=\"True\">\r\n        <Configuration>\r\n          <ResultsDirectory>C:\\Users\\Ghost\\Documents\\UE11 - Poo C#\\Projet\\Lombardelli.Nathan.Poo.Tracker\\Lombardelli.Nathan.Poo.Tracker.Test\\bin\\Debug\\net5.0\\fine-code-coverage\\coverage-tool-output</ResultsDirectory>\r\n        </Configuration>\r\n      </DataCollector>\r\n    </DataCollectors>\r\n  </DataCollectionRunSettings>\r\n</RunSettings>","TestExecutionContext":{"FrequencyOfRunStatsChangeEvent":10,"RunStatsChangeEventTimeout":"00:00:01.5000000","InIsolation":false,"KeepAlive":false,"AreTestCaseLevelEventsRequired":false,"IsDebug":false,"TestCaseFilter":null,"FilterOptions":null},"Package":null}}
TpTrace Verbose: 0 : 9568, 4, 2021/11/28, 18:03:22.216, 7923956528511, vstest.console.dll, TcpClientExtensions.MessageLoopAsync: NotifyDataAvailable remoteEndPoint: 127.0.0.1:52985 localEndPoint: 127.0.0.1:52984
TpTrace Verbose: 0 : 9568, 4, 2021/11/28, 18:03:22.216, 7923956530928, vstest.console.dll, TestRequestSender.OnExecutionMessageReceived: Received message: {"Version":5,"MessageType":"TestSession.Message","Payload":{"MessageLevel":0,"Message":"Journalisation des diagnostics TestHost dans le fichier : C:\\Users\\Ghost\\Documents\\UE11 - Poo C#\\Projet\\Lombardelli.Nathan.Poo.Tracker\\Lombardelli.Nathan.Poo.Tracker.Test\\bin\\Debug\\net5.0\\fine-code-coverage\\coverage-tool-output\\diagnostics.host.21-11-28_18-03-21_91367_6.log"}}
TpTrace Verbose: 0 : 9568, 4, 2021/11/28, 18:03:22.220, 7923956569643, vstest.console.dll, TestRunRequest:SendTestRunMessage: Starting.
TpTrace Information: 0 : 9568, 4, 2021/11/28, 18:03:22.220, 7923956571446, vstest.console.dll, TestRunRequest:SendTestRunMessage: Completed.
TpTrace Verbose: 0 : 9568, 4, 2021/11/28, 18:03:22.220, 7923956572586, vstest.console.dll, TcpClientExtensions.MessageLoopAsync: Polling on remoteEndPoint: 127.0.0.1:52985 localEndPoint: 127.0.0.1:52984
TpTrace Verbose: 0 : 9568, 4, 2021/11/28, 18:03:22.353, 7923957898458, vstest.console.dll, TcpClientExtensions.MessageLoopAsync: NotifyDataAvailable remoteEndPoint: 127.0.0.1:52985 localEndPoint: 127.0.0.1:52984
TpTrace Verbose: 0 : 9568, 4, 2021/11/28, 18:03:22.353, 7923957899601, vstest.console.dll, TestRequestSender.OnExecutionMessageReceived: Received message: {"Version":5,"MessageType":"TestSession.Message","Payload":{"MessageLevel":0,"Message":"NUnit Adapter 3.17.0.0: Test execution started"}}
TpTrace Verbose: 0 : 9568, 4, 2021/11/28, 18:03:22.353, 7923957901842, vstest.console.dll, TestRunRequest:SendTestRunMessage: Starting.
TpTrace Information: 0 : 9568, 4, 2021/11/28, 18:03:22.353, 7923957902345, vstest.console.dll, TestRunRequest:SendTestRunMessage: Completed.
TpTrace Verbose: 0 : 9568, 4, 2021/11/28, 18:03:22.353, 7923957902655, vstest.console.dll, TcpClientExtensions.MessageLoopAsync: Polling on remoteEndPoint: 127.0.0.1:52985 localEndPoint: 127.0.0.1:52984
TpTrace Verbose: 0 : 9568, 4, 2021/11/28, 18:03:22.378, 7923958152645, vstest.console.dll, TcpClientExtensions.MessageLoopAsync: NotifyDataAvailable remoteEndPoint: 127.0.0.1:52985 localEndPoint: 127.0.0.1:52984
TpTrace Verbose: 0 : 9568, 4, 2021/11/28, 18:03:22.378, 7923958153737, vstest.console.dll, TestRequestSender.OnExecutionMessageReceived: Received message: {"Version":5,"MessageType":"TestSession.Message","Payload":{"MessageLevel":0,"Message":"Running all tests in C:\\Users\\Ghost\\Documents\\UE11 - Poo C#\\Projet\\Lombardelli.Nathan.Poo.Tracker\\Lombardelli.Nathan.Poo.Tracker.Test\\bin\\Debug\\net5.0\\fine-code-coverage\\build-output\\Lombardelli.Nathan.Poo.Tracker.Test.dll"}}
TpTrace Verbose: 0 : 9568, 4, 2021/11/28, 18:03:22.378, 7923958155564, vstest.console.dll, TestRunRequest:SendTestRunMessage: Starting.
TpTrace Information: 0 : 9568, 4, 2021/11/28, 18:03:22.378, 7923958156077, vstest.console.dll, TestRunRequest:SendTestRunMessage: Completed.
TpTrace Verbose: 0 : 9568, 4, 2021/11/28, 18:03:22.378, 7923958156393, vstest.console.dll, TcpClientExtensions.MessageLoopAsync: Polling on remoteEndPoint: 127.0.0.1:52985 localEndPoint: 127.0.0.1:52984
TpTrace Verbose: 0 : 9568, 4, 2021/11/28, 18:03:22.533, 7923959698389, vstest.console.dll, TcpClientExtensions.MessageLoopAsync: NotifyDataAvailable remoteEndPoint: 127.0.0.1:52985 localEndPoint: 127.0.0.1:52984
TpTrace Verbose: 0 : 9568, 4, 2021/11/28, 18:03:22.533, 7923959699690, vstest.console.dll, TestRequestSender.OnExecutionMessageReceived: Received message: {"Version":5,"MessageType":"TestSession.Message","Payload":{"MessageLevel":0,"Message":"   NUnit3TestExecutor discovered 16 of 16 NUnit test cases"}}
TpTrace Verbose: 0 : 9568, 4, 2021/11/28, 18:03:22.533, 7923959702333, vstest.console.dll, TestRunRequest:SendTestRunMessage: Starting.
TpTrace Information: 0 : 9568, 4, 2021/11/28, 18:03:22.533, 7923959703093, vstest.console.dll, TestRunRequest:SendTestRunMessage: Completed.
TpTrace Verbose: 0 : 9568, 4, 2021/11/28, 18:03:22.533, 7923959703706, vstest.console.dll, TcpClientExtensions.MessageLoopAsync: Polling on remoteEndPoint: 127.0.0.1:52985 localEndPoint: 127.0.0.1:52984
TpTrace Verbose: 0 : 9568, 4, 2021/11/28, 18:03:22.714, 7923961514953, vstest.console.dll, TcpClientExtensions.MessageLoopAsync: NotifyDataAvailable remoteEndPoint: 127.0.0.1:52985 localEndPoint: 127.0.0.1:52984
TpTrace Verbose: 0 : 9568, 4, 2021/11/28, 18:03:22.714, 7923961516908, vstest.console.dll, TestRequestSender.OnExecutionMessageReceived: Received message: {"Version":5,"MessageType":"TestExecution.StatsChange","Payload":{"NewTestResults":[{"TestCase":{"Id":"1ad2924d-7efa-8a06-4230-fe50ff15dfbb","FullyQualifiedName":"Lombardelli.Nathan.Poo.Test.Datas.StorageTest.Tests.Test1","DisplayName":"Test1","ExecutorUri":"executor://NUnit3TestExecutor","Source":"C:\\Users\\Ghost\\Documents\\UE11 - Poo C#\\Projet\\Lombardelli.Nathan.Poo.Tracker\\Lombardelli.Nathan.Poo.Tracker.Test\\bin\\Debug\\net5.0\\fine-code-coverage\\build-output\\Lombardelli.Nathan.Poo.Tracker.Test.dll","CodeFilePath":null,"LineNumber":0,"Properties":[]},"Attachments":[],"Outcome":1,"ErrorMessage":null,"ErrorStackTrace":null,"DisplayName":"Test1","Messages":[],"ComputerName":"DESKTOP-0K94N64","Duration":"00:00:00.0206650","StartTime":"2021-11-28T17:03:22.5583958+00:00","EndTime":"2021-11-28T17:03:22.5789712+00:00","Properties":[]},{"TestCase":{"Id":"722cbda0-9a82-9cbf-752c-3bf2e992d544","FullyQualifiedName":"Lombardelli.Nathan.Poo.Test.Domains.ChantierTest.Tests.TestDateDebut","DisplayName":"TestDateDebut","ExecutorUri":"executor://NUnit3TestExecutor","Source":"C:\\Users\\Ghost\\Documents\\UE11 - Poo C#\\Projet\\Lombardelli.Nathan.Poo.Tracker\\Lombardelli.Nathan.Poo.Tracker.Test\\bin\\Debug\\net5.0\\fine-code-coverage\\build-output\\Lombardelli.Nathan.Poo.Tracker.Test.dll","CodeFilePath":null,"LineNumber":0,"Properties":[]},"Attachments":[],"Outcome":1,"ErrorMessage":null,"ErrorStackTrace":null,"DisplayName":"TestDateDebut","Messages":[],"ComputerName":"DESKTOP-0K94N64","Duration":"00:00:00.0924160","StartTime":"2021-11-28T17:03:22.582814+00:00","EndTime":"2021-11-28T17:03:22.6752292+00:00","Properties":[]},{"TestCase":{"Id":"5e1860f4-d634-3a2b-0ebf-bde1ffafa8ef","FullyQualifiedName":"Lombardelli.Nathan.Poo.Test.Domains.ChantierTest.Tests.TestEnumTache","DisplayName":"TestEnumTache","ExecutorUri":"executor://NUnit3TestExecutor","Source":"C:\\Users\\Ghost\\Documents\\UE11 - Poo C#\\Projet\\Lombardelli.Nathan.Poo.Tracker\\Lombardelli.Nathan.Poo.Tracker.Test\\bin\\Debug\\net5.0\\fine-code-coverage\\build-output\\Lombardelli.Nathan.Poo.Tracker.Test.dll","CodeFilePath":null,"LineNumber":0,"Properties":[]},"Attachments":[],"Outcome":1,"ErrorMessage":null,"ErrorStackTrace":null,"DisplayName":"TestEnumTache","Messages":[],"ComputerName":"DESKTOP-0K94N64","Duration":"00:00:00.0015510","StartTime":"2021-11-28T17:03:22.6752637+00:00","EndTime":"2021-11-28T17:03:22.6768144+00:00","Properties":[]},{"TestCase":{"Id":"3e2257f7-cc39-6a03-d725-28d906eca80e","FullyQualifiedName":"Lombardelli.Nathan.Poo.Test.Domains.ChantierTest.Tests.TestNom","DisplayName":"TestNom","ExecutorUri":"executor://NUnit3TestExecutor","Source":"C:\\Users\\Ghost\\Documents\\UE11 - Poo C#\\Projet\\Lombardelli.Nathan.Poo.Tracker\\Lombardelli.Nathan.Poo.Tracker.Test\\bin\\Debug\\net5.0\\fine-code-coverage\\build-output\\Lombardelli.Nathan.Poo.Tracker.Test.dll","CodeFilePath":null,"LineNumber":0,"Properties":[]},"Attachments":[],"Outcome":1,"ErrorMessage":null,"ErrorStackTrace":null,"DisplayName":"TestNom","Messages":[],"ComputerName":"DESKTOP-0K94N64","Duration":"00:00:00.0002060","StartTime":"2021-11-28T17:03:22.6768262+00:00","EndTime":"2021-11-28T17:03:22.6770316+00:00","Properties":[]},{"TestCase":{"Id":"58476fe1-489a-3651-bb7b-a2073e4841be","FullyQualifiedName":"Lombardelli.Nathan.Poo.Test.Domains.ChantierTest.Tests.TestTriCDateDebut","DisplayName":"TestTriCDateDebut","ExecutorUri":"executor://NUnit3TestExecutor","Source":"C:\\Users\\Ghost\\Documents\\UE11 - Poo C#\\Projet\\Lombardelli.Nathan.Poo.Tracker\\Lombardelli.Nathan.Poo.Tracker.Test\\bin\\Debug\\net5.0\\fine-code-coverage\\build-output\\Lombardelli.Nathan.Poo.Tracker.Test.dll","CodeFilePath":null,"LineNumber":0,"Properties":[]},"Attachments":[],"Outcome":1,"ErrorMessage":null,"ErrorStackTrace":null,"DisplayName":"TestTriCDateDebut","Messages":[],"ComputerName":"DESKTOP-0K94N64","Duration":"00:00:00.0088350","StartTime":"2021-11-28T17:03:22.6770407+00:00","EndTime":"2021-11-28T17:03:22.6858748+00:00","Properties":[]},{"TestCase":{"Id":"3a15a9ea-bd5d-9f07-665c-dc296e789e4f","FullyQualifiedName":"Lombardelli.Nathan.Poo.Test.Domains.TacheTest.Tests.TestChefProj","DisplayName":"TestChefProj","ExecutorUri":"executor://NUnit3TestExecutor","Source":"C:\\Users\\Ghost\\Documents\\UE11 - Poo C#\\Projet\\Lombardelli.Nathan.Poo.Tracker\\Lombardelli.Nathan.Poo.Tracker.Test\\bin\\Debug\\net5.0\\fine-code-coverage\\build-output\\Lombardelli.Nathan.Poo.Tracker.Test.dll","CodeFilePath":null,"LineNumber":0,"Properties":[]},"Attachments":[],"Outcome":1,"ErrorMessage":null,"ErrorStackTrace":null,"DisplayName":"TestChefProj","Messages":[],"ComputerName":"DESKTOP-0K94N64","Duration":"00:00:00.0004320","StartTime":"2021-11-28T17:03:22.6859983+00:00","EndTime":"2021-11-28T17:03:22.6864303+00:00","Properties":[]},{"TestCase":{"Id":"3a84845d-2d8c-e631-d520-ec0a0ac753c8","FullyQualifiedName":"Lombardelli.Nathan.Poo.Test.Domains.TacheTest.Tests.TestDescription","DisplayName":"TestDescription","ExecutorUri":"executor://NUnit3TestExecutor","Source":"C:\\Users\\Ghost\\Documents\\UE11 - Poo C#\\Projet\\Lombardelli.Nathan.Poo.Tracker\\Lombardelli.Nathan.Poo.Tracker.Test\\bin\\Debug\\net5.0\\fine-code-coverage\\build-output\\Lombardelli.Nathan.Poo.Tracker.Test.dll","CodeFilePath":null,"LineNumber":0,"Properties":[]},"Attachments":[],"Outcome":1,"ErrorMessage":null,"ErrorStackTrace":null,"DisplayName":"TestDescription","Messages":[],"ComputerName":"DESKTOP-0K94N64","Duration":"00:00:00.0001340","StartTime":"2021-11-28T17:03:22.6864399+00:00","EndTime":"2021-11-28T17:03:22.6865738+00:00","Properties":[]},{"TestCase":{"Id":"5a301c86-3e74-a531-8166-cc056cf93b11","FullyQualifiedName":"Lombardelli.Nathan.Poo.Test.Domains.TacheTest.Tests.TestDuree","DisplayName":"TestDuree","ExecutorUri":"executor://NUnit3TestExecutor","Source":"C:\\Users\\Ghost\\Documents\\UE11 - Poo C#\\Projet\\Lombardelli.Nathan.Poo.Tracker\\Lombardelli.Nathan.Poo.Tracker.Test\\bin\\Debug\\net5.0\\fine-code-coverage\\build-output\\Lombardelli.Nathan.Poo.Tracker.Test.dll","CodeFilePath":null,"LineNumber":0,"Properties":[]},"Attachments":[],"Outcome":1,"ErrorMessage":null,"ErrorStackTrace":null,"DisplayName":"TestDuree","Messages":[],"ComputerName":"DESKTOP-0K94N64","Duration":"00:00:00.0006690","StartTime":"2021-11-28T17:03:22.6865825+00:00","EndTime":"2021-11-28T17:03:22.6872514+00:00","Properties":[]},{"TestCase":{"Id":"261167e7-9e16-be7c-0158-f2b9fe1d0326","FullyQualifiedName":"Lombardelli.Nathan.Poo.Test.Domains.TacheTest.Tests.TestLibelle","DisplayName":"TestLibelle","ExecutorUri":"executor://NUnit3TestExecutor","Source":"C:\\Users\\Ghost\\Documents\\UE11 - Poo C#\\Projet\\Lombardelli.Nathan.Poo.Tracker\\Lombardelli.Nathan.Poo.Tracker.Test\\bin\\Debug\\net5.0\\fine-code-coverage\\build-output\\Lombardelli.Nathan.Poo.Tracker.Test.dll","CodeFilePath":null,"LineNumber":0,"Properties":[]},"Attachments":[],"Outcome":1,"ErrorMessage":null,"ErrorStackTrace":null,"DisplayName":"TestLibelle","Messages":[],"ComputerName":"DESKTOP-0K94N64","Duration":"00:00:00.0001480","StartTime":"2021-11-28T17:03:22.6872622+00:00","EndTime":"2021-11-28T17:03:22.6874101+00:00","Properties":[]}],"TestRunStatistics":{"ExecutedTests":9,"Stats":{"Passed":9}},"ActiveTests":[{"Id":"63a1e390-473f-03f8-4ec2-bd6c8d65e597","FullyQualifiedName":"Lombardelli.Nathan.Poo.Test.Domains.TacheTest.Tests.TestMargeLibre","DisplayName":"TestMargeLibre","ExecutorUri":"executor://NUnit3TestExecutor","Source":"C:\\Users\\Ghost\\Documents\\UE11 - Poo C#\\Projet\\Lombardelli.Nathan.Poo.Tracker\\Lombardelli.Nathan.Poo.Tracker.Test\\bin\\Debug\\net5.0\\fine-code-coverage\\build-output\\Lombardelli.Nathan.Poo.Tracker.Test.dll","CodeFilePath":null,"LineNumber":0,"Properties":[]}]}}
TpTrace Verbose: 0 : 9568, 4, 2021/11/28, 18:03:22.733, 7923961700579, vstest.console.dll, TestRunRequest:SendTestRunStatsChange: Starting.
TpTrace Verbose: 0 : 9568, 4, 2021/11/28, 18:03:22.733, 7923961701585, vstest.console.dll, InProgress is TestMargeLibre
TpTrace Information: 0 : 9568, 4, 2021/11/28, 18:03:22.733, 7923961703182, vstest.console.dll, TestRunRequest:SendTestRunStatsChange: Completed.
TpTrace Verbose: 0 : 9568, 4, 2021/11/28, 18:03:22.733, 7923961703555, vstest.console.dll, TcpClientExtensions.MessageLoopAsync: Polling on remoteEndPoint: 127.0.0.1:52985 localEndPoint: 127.0.0.1:52984
TpTrace Verbose: 0 : 9568, 4, 2021/11/28, 18:03:22.733, 7923961703938, vstest.console.dll, TcpClientExtensions.MessageLoopAsync: NotifyDataAvailable remoteEndPoint: 127.0.0.1:52985 localEndPoint: 127.0.0.1:52984
TpTrace Verbose: 0 : 9568, 4, 2021/11/28, 18:03:22.733, 7923961704357, vstest.console.dll, TestRequestSender.OnExecutionMessageReceived: Received message: {"Version":5,"MessageType":"TestSession.Message","Payload":{"MessageLevel":0,"Message":"NUnit Adapter 3.17.0.0: Test execution complete"}}
TpTrace Verbose: 0 : 9568, 4, 2021/11/28, 18:03:22.733, 7923961705424, vstest.console.dll, TestRunRequest:SendTestRunMessage: Starting.
TpTrace Information: 0 : 9568, 4, 2021/11/28, 18:03:22.733, 7923961705775, vstest.console.dll, TestRunRequest:SendTestRunMessage: Completed.
TpTrace Verbose: 0 : 9568, 4, 2021/11/28, 18:03:22.733, 7923961706002, vstest.console.dll, TcpClientExtensions.MessageLoopAsync: Polling on remoteEndPoint: 127.0.0.1:52985 localEndPoint: 127.0.0.1:52984
TpTrace Verbose: 0 : 9568, 4, 2021/11/28, 18:03:22.742, 7923961787277, vstest.console.dll, TcpClientExtensions.MessageLoopAsync: NotifyDataAvailable remoteEndPoint: 127.0.0.1:52985 localEndPoint: 127.0.0.1:52984
TpTrace Verbose: 0 : 9568, 4, 2021/11/28, 18:03:22.742, 7923961788660, vstest.console.dll, TestRequestSender.OnExecutionMessageReceived: Received message: {"Version":5,"MessageType":"TestExecution.Completed","Payload":{"TestRunCompleteArgs":{"TestRunStatistics":{"ExecutedTests":16,"Stats":{"Passed":16}},"IsCanceled":false,"IsAborted":false,"Error":null,"AttachmentSets":[],"ElapsedTimeInRunningTests":"00:00:00.3921156","Metrics":{}},"LastRunTests":{"NewTestResults":[{"TestCase":{"Id":"63a1e390-473f-03f8-4ec2-bd6c8d65e597","FullyQualifiedName":"Lombardelli.Nathan.Poo.Test.Domains.TacheTest.Tests.TestMargeLibre","DisplayName":"TestMargeLibre","ExecutorUri":"executor://NUnit3TestExecutor","Source":"C:\\Users\\Ghost\\Documents\\UE11 - Poo C#\\Projet\\Lombardelli.Nathan.Poo.Tracker\\Lombardelli.Nathan.Poo.Tracker.Test\\bin\\Debug\\net5.0\\fine-code-coverage\\build-output\\Lombardelli.Nathan.Poo.Tracker.Test.dll","CodeFilePath":null,"LineNumber":0,"Properties":[]},"Attachments":[],"Outcome":1,"ErrorMessage":null,"ErrorStackTrace":null,"DisplayName":"TestMargeLibre","Messages":[],"ComputerName":"DESKTOP-0K94N64","Duration":"00:00:00.0001460","StartTime":"2021-11-28T17:03:22.6874188+00:00","EndTime":"2021-11-28T17:03:22.6875646+00:00","Properties":[]},{"TestCase":{"Id":"95c2d200-466d-b668-3b37-6df96ff2712e","FullyQualifiedName":"Lombardelli.Nathan.Poo.Test.Domains.TacheTest.Tests.TestMargeTotal","DisplayName":"TestMargeTotal","ExecutorUri":"executor://NUnit3TestExecutor","Source":"C:\\Users\\Ghost\\Documents\\UE11 - Poo C#\\Projet\\Lombardelli.Nathan.Poo.Tracker\\Lombardelli.Nathan.Poo.Tracker.Test\\bin\\Debug\\net5.0\\fine-code-coverage\\build-output\\Lombardelli.Nathan.Poo.Tracker.Test.dll","CodeFilePath":null,"LineNumber":0,"Properties":[]},"Attachments":[],"Outcome":1,"ErrorMessage":null,"ErrorStackTrace":null,"DisplayName":"TestMargeTotal","Messages":[],"ComputerName":"DESKTOP-0K94N64","Duration":"00:00:00.0001420","StartTime":"2021-11-28T17:03:22.6875729+00:00","EndTime":"2021-11-28T17:03:22.687715+00:00","Properties":[]},{"TestCase":{"Id":"424642e0-1af1-fae0-f6db-d726dce24bbd","FullyQualifiedName":"Lombardelli.Nathan.Poo.Test.Domains.TacheTest.Tests.TestNomChantier","DisplayName":"TestNomChantier","ExecutorUri":"executor://NUnit3TestExecutor","Source":"C:\\Users\\Ghost\\Documents\\UE11 - Poo C#\\Projet\\Lombardelli.Nathan.Poo.Tracker\\Lombardelli.Nathan.Poo.Tracker.Test\\bin\\Debug\\net5.0\\fine-code-coverage\\build-output\\Lombardelli.Nathan.Poo.Tracker.Test.dll","CodeFilePath":null,"LineNumber":0,"Properties":[]},"Attachments":[],"Outcome":1,"ErrorMessage":null,"ErrorStackTrace":null,"DisplayName":"TestNomChantier","Messages":[],"ComputerName":"DESKTOP-0K94N64","Duration":"00:00:00.0001270","StartTime":"2021-11-28T17:03:22.6877234+00:00","EndTime":"2021-11-28T17:03:22.6878501+00:00","Properties":[]},{"TestCase":{"Id":"9233aa2d-9a4b-e189-dd12-3c4449dbeb79","FullyQualifiedName":"Lombardelli.Nathan.Poo.Test.Domains.TacheTest.Tests.TestStatut","DisplayName":"TestStatut","ExecutorUri":"executor://NUnit3TestExecutor","Source":"C:\\Users\\Ghost\\Documents\\UE11 - Poo C#\\Projet\\Lombardelli.Nathan.Poo.Tracker\\Lombardelli.Nathan.Poo.Tracker.Test\\bin\\Debug\\net5.0\\fine-code-coverage\\build-output\\Lombardelli.Nathan.Poo.Tracker.Test.dll","CodeFilePath":null,"LineNumber":0,"Properties":[]},"Attachments":[],"Outcome":1,"ErrorMessage":null,"ErrorStackTrace":null,"DisplayName":"TestStatut","Messages":[],"ComputerName":"DESKTOP-0K94N64","Duration":"00:00:00.0002230","StartTime":"2021-11-28T17:03:22.6878585+00:00","EndTime":"2021-11-28T17:03:22.6880808+00:00","Properties":[]},{"TestCase":{"Id":"307db12b-7888-abac-0f6e-907b7dd05589","FullyQualifiedName":"Lombardelli.Nathan.Poo.Test.Domains.UserTest.Tests.TestCheckMdp","DisplayName":"TestCheckMdp","ExecutorUri":"executor://NUnit3TestExecutor","Source":"C:\\Users\\Ghost\\Documents\\UE11 - Poo C#\\Projet\\Lombardelli.Nathan.Poo.Tracker\\Lombardelli.Nathan.Poo.Tracker.Test\\bin\\Debug\\net5.0\\fine-code-coverage\\build-output\\Lombardelli.Nathan.Poo.Tracker.Test.dll","CodeFilePath":null,"LineNumber":0,"Properties":[]},"Attachments":[],"Outcome":1,"ErrorMessage":null,"ErrorStackTrace":null,"DisplayName":"TestCheckMdp","Messages":[],"ComputerName":"DESKTOP-0K94N64","Duration":"00:00:00.0004570","StartTime":"2021-11-28T17:03:22.6881732+00:00","EndTime":"2021-11-28T17:03:22.6886302+00:00","Properties":[]},{"TestCase":{"Id":"c482cd3a-f743-a438-84aa-a95cb2ecf414","FullyQualifiedName":"Lombardelli.Nathan.Poo.Test.Domains.UserTest.Tests.TestName","DisplayName":"TestName","ExecutorUri":"executor://NUnit3TestExecutor","Source":"C:\\Users\\Ghost\\Documents\\UE11 - Poo C#\\Projet\\Lombardelli.Nathan.Poo.Tracker\\Lombardelli.Nathan.Poo.Tracker.Test\\bin\\Debug\\net5.0\\fine-code-coverage\\build-output\\Lombardelli.Nathan.Poo.Tracker.Test.dll","CodeFilePath":null,"LineNumber":0,"Properties":[]},"Attachments":[],"Outcome":1,"ErrorMessage":null,"ErrorStackTrace":null,"DisplayName":"TestName","Messages":[],"ComputerName":"DESKTOP-0K94N64","Duration":"00:00:00.0002270","StartTime":"2021-11-28T17:03:22.6886392+00:00","EndTime":"2021-11-28T17:03:22.6888662+00:00","Properties":[]},{"TestCase":{"Id":"3bbef0eb-ed0d-01fb-edf9-75837802b617","FullyQualifiedName":"Lombardelli.Nathan.Poo.Test.Domains.UserTest.Tests.TestSurname","DisplayName":"TestSurname","ExecutorUri":"executor://NUnit3TestExecutor","Source":"C:\\Users\\Ghost\\Documents\\UE11 - Poo C#\\Projet\\Lombardelli.Nathan.Poo.Tracker\\Lombardelli.Nathan.Poo.Tracker.Test\\bin\\Debug\\net5.0\\fine-code-coverage\\build-output\\Lombardelli.Nathan.Poo.Tracker.Test.dll","CodeFilePath":null,"LineNumber":0,"Properties":[]},"Attachments":[],"Outcome":1,"ErrorMessage":null,"ErrorStackTrace":null,"DisplayName":"TestSurname","Messages":[],"ComputerName":"DESKTOP-0K94N64","Duration":"00:00:00.0002040","StartTime":"2021-11-28T17:03:22.6888752+00:00","EndTime":"2021-11-28T17:03:22.6890794+00:00","Properties":[]}],"TestRunStatistics":{"ExecutedTests":16,"Stats":{"Passed":16}},"ActiveTests":[]},"RunAttachments":[],"ExecutorUris":["executor://nunit3testexecutor/"]}}
TpTrace Verbose: 0 : 9568, 4, 2021/11/28, 18:03:22.742, 7923961791871, vstest.console.dll, TestRequestSender.EndSession: Sending end session.
TpTrace Verbose: 0 : 9568, 4, 2021/11/28, 18:03:22.742, 7923961792703, vstest.console.dll, ProxyOperationManager.Close: waiting for test host to exit for 100 ms
TpTrace Warning: 0 : 9568, 10, 2021/11/28, 18:03:22.752, 7923961890569, vstest.console.dll, TestHostManagerCallbacks.ErrorReceivedCallback Test host standard error line: 
TpTrace Verbose: 0 : 9568, 7, 2021/11/28, 18:03:22.757, 7923961943211, vstest.console.dll, TestHostProvider.ExitCallBack: Host exited starting callback.
TpTrace Information: 0 : 9568, 7, 2021/11/28, 18:03:22.758, 7923961947836, vstest.console.dll, TestHostManagerCallbacks.ExitCallBack: Testhost processId: 7112 exited with exitcode: 0 error: ''
TpTrace Verbose: 0 : 9568, 7, 2021/11/28, 18:03:22.758, 7923961948432, vstest.console.dll, DotnetTestHostManager.OnHostExited: invoking OnHostExited callback
TpTrace Verbose: 0 : 9568, 7, 2021/11/28, 18:03:22.758, 7923961948908, vstest.console.dll, CrossPlatEngine.TestHostManagerHostExited: calling on client process exit callback.
TpTrace Information: 0 : 9568, 7, 2021/11/28, 18:03:22.758, 7923961949350, vstest.console.dll, TestRequestSender.OnClientProcessExit: Test host process exited. Standard error: 
TpTrace Warning: 0 : 9568, 4, 2021/11/28, 18:03:22.758, 7923961949602, vstest.console.dll, ProxyOperationManager: Timed out waiting for test host to exit. Will terminate process.
TpTrace Information: 0 : 9568, 7, 2021/11/28, 18:03:22.758, 7923961949698, vstest.console.dll, SocketServer.Stop: Stop server endPoint: 127.0.0.1:52984
TpTrace Information: 0 : 9568, 7, 2021/11/28, 18:03:22.758, 7923961950641, vstest.console.dll, SocketServer.Stop: Cancellation requested. Stopping message loop.
TpTrace Verbose: 0 : 9568, 4, 2021/11/28, 18:03:22.758, 7923961956507, vstest.console.dll, ProxyDataCollectionManager.InvokeDataCollectionServiceAction: Starting.
TpTrace Information: 0 : 9568, 4, 2021/11/28, 18:03:22.758, 7923961957066, vstest.console.dll, ProxyDataCollectionManager.AfterTestRunEnd: Get attachment set for datacollector processId: 19624 port: 52981
TpTrace Verbose: 0 : 9568, 4, 2021/11/28, 18:03:22.759, 7923961957535, vstest.console.dll, DataCollectionRequestSender.SendAfterTestRunStartAndGetResult : Send AfterTestRunEnd message with isCancelled: False
TpTrace Verbose: 0 : 9568, 4, 2021/11/28, 18:03:22.762, 7923961992737, vstest.console.dll, DataCollectionRequestSender.SendAfterTestRunStartAndGetResult : Received message: (DataCollection.AfterTestRunEndResult) -> {
  "AttachmentSets": [],
  "Metrics": {}
}
TpTrace Warning: 0 : 9568, 9, 2021/11/28, 18:03:22.769, 7923962062995, vstest.console.dll, DataCollectionLauncher.ErrorReceivedCallback datacollector standard error line: 
TpTrace Information: 0 : 9568, 7, 2021/11/28, 18:03:22.770, 7923962067623, vstest.console.dll, DataCollectionLauncher.ExitCallBack: Data collector exited with exitcode: 0 error: ''
TpTrace Information: 0 : 9568, 4, 2021/11/28, 18:03:22.770, 7923962073120, vstest.console.dll, ProxyDataCollectionManager.InvokeDataCollectionServiceAction: Completed.
TpTrace Verbose: 0 : 9568, 4, 2021/11/28, 18:03:22.787, 7923962239218, vstest.console.dll, TestRunRequest:SendTestRunStatsChange: Starting.
TpTrace Information: 0 : 9568, 4, 2021/11/28, 18:03:22.787, 7923962240176, vstest.console.dll, TestRunRequest:SendTestRunStatsChange: Completed.
TpTrace Verbose: 0 : 9568, 4, 2021/11/28, 18:03:22.787, 7923962241451, vstest.console.dll, ParallelProxyExecutionManager: HandlePartialRunComplete: Total completed clients = 1, Run complete = True, Run canceled: False.
TpTrace Verbose: 0 : 9568, 4, 2021/11/28, 18:03:22.809, 7923962463668, vstest.console.dll, TestRunRequest:TestRunComplete: Starting. IsAborted:False IsCanceled:False.
TpTrace Verbose: 0 : 9568, 4, 2021/11/28, 18:03:22.809, 7923962465255, vstest.console.dll, TestLoggerManager.HandleTestRunComplete: Ignoring as the object is disposed.
TpTrace Information: 0 : 9568, 4, 2021/11/28, 18:03:22.810, 7923962467192, vstest.console.dll, TestRunRequest:TestRunComplete: Completed.
TpTrace Verbose: 0 : 9568, 4, 2021/11/28, 18:03:22.810, 7923962467602, vstest.console.dll, TestRequestSender.SetOperationComplete: Setting operation complete.
TpTrace Verbose: 0 : 9568, 1, 2021/11/28, 18:03:22.810, 7923962467681, vstest.console.dll, TestRunRequest.Dispose: Starting.
TpTrace Information: 0 : 9568, 1, 2021/11/28, 18:03:22.810, 7923962468292, vstest.console.dll, TestRunRequest.Dispose: Completed.
TpTrace Information: 0 : 9568, 4, 2021/11/28, 18:03:22.810, 7923962467891, vstest.console.dll, SocketServer.Stop: Stop server endPoint: 127.0.0.1:52984
TpTrace Information: 0 : 9568, 1, 2021/11/28, 18:03:22.810, 7923962468635, vstest.console.dll, TestRequestManager.RunTests: run tests completed.
TpTrace Information: 0 : 9568, 4, 2021/11/28, 18:03:22.810, 7923962468948, vstest.console.dll, SocketServer.Stop: Cancellation requested. Stopping message loop.
TpTrace Information: 0 : 9568, 1, 2021/11/28, 18:03:22.810, 7923962469626, vstest.console.dll, RunTestsArgumentProcessor:Execute: Test run is completed.
TpTrace Information: 0 : 9568, 4, 2021/11/28, 18:03:22.810, 7923962469646, vstest.console.dll, SocketServer.PrivateStop: Stop server endPoint: 127.0.0.1:52984 error: 
TpTrace Verbose: 0 : 9568, 1, 2021/11/28, 18:03:22.810, 7923962471396, vstest.console.dll, Executor.Execute: Exiting with exit code of 0
TpTrace Verbose: 0 : 9568, 4, 2021/11/28, 18:03:22.810, 7923962474088, vstest.console.dll, LengthPrefixCommunicationChannel.Dispose: Dispose reader and writer.
TpTrace Information: 0 : 9568, 4, 2021/11/28, 18:03:22.810, 7923962474693, vstest.console.dll, SocketServer.Stop: Raise disconnected event endPoint: 127.0.0.1:52984 error: 
TpTrace Verbose: 0 : 9568, 4, 2021/11/28, 18:03:22.810, 7923962475198, vstest.console.dll, TestRequestSender: OnTestRunAbort: Operation is already complete. Skip error message.
TpTrace Verbose: 0 : 9568, 4, 2021/11/28, 18:03:22.810, 7923962475498, vstest.console.dll, TcpClientExtensions.MessageLoopAsync: exiting MessageLoopAsync remoteEndPoint: 127.0.0.1:52985 localEndPoint: 127.0.0.1:52984
